#
# There is insufficient memory for the Java Runtime Environment to continue.
# Native memory allocation (malloc) failed to allocate 872976 bytes for Chunk::new
# Possible reasons:
#   The system is out of physical RAM or swap space
#   In 32 bit mode, the process size limit was hit
# Possible solutions:
#   Reduce memory load on the system
#   Increase physical memory or swap space
#   Check if swap backing store is full
#   Use 64 bit Java on a 64 bit OS
#   Decrease Java heap size (-Xmx/-Xms)
#   Decrease number of Java threads
#   Decrease Java thread stack sizes (-Xss)
#   Set larger code cache with -XX:ReservedCodeCacheSize=
# This output file may be truncated or incomplete.
#
#  Out of Memory Error (allocation.cpp:390), pid=12012, tid=0x0000000000002c1c
#
# JRE version: Java(TM) SE Runtime Environment (8.0_111-b14) (build 1.8.0_111-b14)
# Java VM: Java HotSpot(TM) 64-Bit Server VM (25.111-b14 mixed mode windows-amd64 compressed oops)
# Failed to write core dump. Minidumps are not enabled by default on client versions of Windows
#

---------------  T H R E A D  ---------------

Current thread (0x00000000587a7800):  JavaThread "C2 CompilerThread0" daemon [_thread_in_native, id=11292, stack(0x0000000058df0000,0x0000000058ef0000)]

Stack: [0x0000000058df0000,0x0000000058ef0000]
[error occurred during error reporting (printing stack bounds), id 0xc0000005]

Native frames: (J=compiled Java code, j=interpreted, Vv=VM code, C=native code)


Current CompileTask:
C2:  28208 5261 %     4       org.gradle.internal.instantiation.generator.AbstractClassGenerator::inspectType @ 77 (560 bytes)


---------------  P R O C E S S  ---------------

Java Threads: ( => current thread )
  0x000000005ddd4000 JavaThread "Cache worker for execution history cache (D:\Education\Education\Java\Java\src\android\learningAndroid\ArchitectureExample\.gradle\6.5\executionHistory)" [_thread_blocked, id=12404, stack(0x000000006b9a0000,0x000000006baa0000)]
  0x000000005ddd3000 JavaThread "Execution worker for ':' Thread 3" [_thread_blocked, id=12400, stack(0x00000000690e0000,0x00000000691e0000)]
  0x000000005ddd2800 JavaThread "Execution worker for ':' Thread 2" [_thread_blocked, id=12396, stack(0x000000006c220000,0x000000006c320000)]
  0x000000005ddd1800 JavaThread "Execution worker for ':'" [_thread_blocked, id=12392, stack(0x000000006ac40000,0x000000006ad40000)]
  0x000000005ddd1000 JavaThread "Cache worker for file content cache (D:\Education\Education\Java\Java\src\android\learningAndroid\ArchitectureExample\.gradle\6.5\fileContent)" [_thread_blocked, id=12364, stack(0x000000006bd10000,0x000000006be10000)]
  0x000000005ddd0000 JavaThread "Memory manager" [_thread_blocked, id=12360, stack(0x000000006baa0000,0x000000006bba0000)]
  0x000000005c8d1800 JavaThread "Cache worker for Build Output Cleanup Cache (D:\Education\Education\Java\Java\src\android\learningAndroid\ArchitectureExample\.gradle\buildOutputCleanup)" [_thread_in_native, id=12320, stack(0x0000000069be0000,0x0000000069ce0000)]
  0x000000005c8d0800 JavaThread "jar transforms Thread 92" [_thread_blocked, id=12308, stack(0x000000006a470000,0x000000006a570000)]
  0x000000005c8d0000 JavaThread "jar transforms Thread 91" [_thread_blocked, id=12304, stack(0x000000006a2a0000,0x000000006a3a0000)]
  0x000000005c8cf000 JavaThread "jar transforms Thread 90" [_thread_blocked, id=12300, stack(0x000000006a100000,0x000000006a200000)]
  0x000000005c8ce800 JavaThread "jar transforms Thread 89" [_thread_blocked, id=12296, stack(0x0000000069f80000,0x000000006a080000)]
  0x000000005c8cd800 JavaThread "jar transforms Thread 88" [_thread_blocked, id=12292, stack(0x0000000069d50000,0x0000000069e50000)]
  0x000000005c8cd000 JavaThread "jar transforms Thread 87" [_thread_blocked, id=6160, stack(0x0000000069850000,0x0000000069950000)]
  0x000000005c8cc000 JavaThread "jar transforms Thread 86" [_thread_blocked, id=2180, stack(0x0000000069ab0000,0x0000000069bb0000)]
  0x000000005c8cb000 JavaThread "jar transforms Thread 85" [_thread_blocked, id=1932, stack(0x0000000069950000,0x0000000069a50000)]
  0x000000005c8ca800 JavaThread "jar transforms Thread 84" [_thread_blocked, id=1020, stack(0x00000000689f0000,0x0000000068af0000)]
  0x000000005debb800 JavaThread "jar transforms Thread 83" [_thread_blocked, id=11076, stack(0x00000000696c0000,0x00000000697c0000)]
  0x000000005debb000 JavaThread "jar transforms Thread 82" [_thread_blocked, id=9124, stack(0x0000000069480000,0x0000000069580000)]
  0x000000005deba000 JavaThread "jar transforms Thread 81" [_thread_blocked, id=11316, stack(0x0000000069580000,0x0000000069680000)]
  0x000000005deb9800 JavaThread "jar transforms Thread 80" [_thread_blocked, id=2612, stack(0x0000000069360000,0x0000000069460000)]
  0x000000005deb8800 JavaThread "jar transforms Thread 79" [_thread_blocked, id=7596, stack(0x00000000691e0000,0x00000000692e0000)]
  0x000000005deb8000 JavaThread "jar transforms Thread 78" [_thread_blocked, id=10912, stack(0x0000000068fe0000,0x00000000690e0000)]
  0x000000005deb7000 JavaThread "jar transforms Thread 77" [_thread_blocked, id=10764, stack(0x0000000068e10000,0x0000000068f10000)]
  0x000000005deb6000 JavaThread "jar transforms Thread 76" [_thread_blocked, id=11312, stack(0x0000000068cf0000,0x0000000068df0000)]
  0x000000005deb5800 JavaThread "jar transforms Thread 75" [_thread_blocked, id=9480, stack(0x0000000068b70000,0x0000000068c70000)]
  0x000000005deb4800 JavaThread "jar transforms Thread 74" [_thread_blocked, id=8736, stack(0x00000000658b0000,0x00000000659b0000)]
  0x000000005cce0000 JavaThread "jar transforms Thread 73" [_thread_blocked, id=4332, stack(0x0000000068610000,0x0000000068710000)]
  0x000000005ccdf800 JavaThread "jar transforms Thread 72" [_thread_blocked, id=9272, stack(0x0000000066ea0000,0x0000000066fa0000)]
  0x000000005ccde800 JavaThread "jar transforms Thread 71" [_thread_blocked, id=9952, stack(0x00000000688f0000,0x00000000689f0000)]
  0x000000005ccde000 JavaThread "jar transforms Thread 70" [_thread_blocked, id=8496, stack(0x0000000068770000,0x0000000068870000)]
  0x000000005ccdd000 JavaThread "jar transforms Thread 69" [_thread_blocked, id=9832, stack(0x00000000684e0000,0x00000000685e0000)]
  0x000000005ccdc800 JavaThread "jar transforms Thread 68" [_thread_blocked, id=12168, stack(0x0000000068330000,0x0000000068430000)]
  0x000000005ccdb800 JavaThread "jar transforms Thread 67" [_thread_blocked, id=9524, stack(0x0000000067e30000,0x0000000067f30000)]
  0x000000005ccdb000 JavaThread "jar transforms Thread 66" [_thread_blocked, id=11940, stack(0x00000000681a0000,0x00000000682a0000)]
  0x000000005ccda000 JavaThread "jar transforms Thread 65" [_thread_blocked, id=9396, stack(0x0000000067fb0000,0x00000000680b0000)]
  0x000000005ccd9800 JavaThread "jar transforms Thread 64" [_thread_blocked, id=11388, stack(0x0000000067540000,0x0000000067640000)]
  0x000000005d04d800 JavaThread "jar transforms Thread 63" [_thread_blocked, id=4404, stack(0x0000000067d30000,0x0000000067e30000)]
  0x000000005d04c800 JavaThread "jar transforms Thread 62" [_thread_blocked, id=8004, stack(0x0000000067bd0000,0x0000000067cd0000)]
  0x000000005d04c000 JavaThread "jar transforms Thread 61" [_thread_blocked, id=8268, stack(0x00000000670e0000,0x00000000671e0000)]
  0x000000005d04b000 JavaThread "jar transforms Thread 60" [_thread_blocked, id=12140, stack(0x0000000067ab0000,0x0000000067bb0000)]
  0x000000005d04a800 JavaThread "jar transforms Thread 59" [_thread_blocked, id=9064, stack(0x0000000067990000,0x0000000067a90000)]
  0x000000005d049800 JavaThread "jar transforms Thread 58" [_thread_blocked, id=5756, stack(0x0000000066700000,0x0000000066800000)]
  0x000000005d049000 JavaThread "jar transforms Thread 57" [_thread_blocked, id=8612, stack(0x00000000677f0000,0x00000000678f0000)]
  0x000000005d048000 JavaThread "jar transforms Thread 56" [_thread_blocked, id=9456, stack(0x0000000067680000,0x0000000067780000)]
  0x000000005d047800 JavaThread "jar transforms Thread 55" [_thread_blocked, id=260, stack(0x0000000067440000,0x0000000067540000)]
  0x000000005d046800 JavaThread "jar transforms Thread 54" [_thread_blocked, id=12272, stack(0x0000000067300000,0x0000000067400000)]
  0x000000005eddf000 JavaThread "jar transforms Thread 53" [_thread_blocked, id=11476, stack(0x0000000065ab0000,0x0000000065bb0000)]
  0x000000005edde000 JavaThread "jar transforms Thread 52" [_thread_blocked, id=8380, stack(0x00000000671e0000,0x00000000672e0000)]
  0x000000005eddd800 JavaThread "jar transforms Thread 51" [_thread_blocked, id=11400, stack(0x0000000066fd0000,0x00000000670d0000)]
  0x000000005eddc800 JavaThread "jar transforms Thread 50" [_thread_blocked, id=10036, stack(0x0000000066980000,0x0000000066a80000)]
  0x000000005eddc000 JavaThread "jar transforms Thread 49" [_thread_blocked, id=11864, stack(0x0000000066da0000,0x0000000066ea0000)]
  0x000000005eddb000 JavaThread "jar transforms Thread 48" [_thread_blocked, id=5772, stack(0x0000000066c40000,0x0000000066d40000)]
  0x000000005edda800 JavaThread "jar transforms Thread 47" [_thread_blocked, id=900, stack(0x0000000065ee0000,0x0000000065fe0000)]
  0x000000005edd9800 JavaThread "jar transforms Thread 46" [_thread_blocked, id=10860, stack(0x0000000066a80000,0x0000000066b80000)]
  0x000000005edd9000 JavaThread "jar transforms Thread 45" [_thread_blocked, id=8296, stack(0x0000000066810000,0x0000000066910000)]
  0x000000005edd8000 JavaThread "jar transforms Thread 44" [_thread_blocked, id=3576, stack(0x00000000665f0000,0x00000000666f0000)]
  0x000000005e615800 JavaThread "jar transforms Thread 43" [_thread_blocked, id=12240, stack(0x0000000065ce0000,0x0000000065de0000)]
  0x000000005e615000 JavaThread "jar transforms Thread 42" [_thread_blocked, id=5704, stack(0x0000000066440000,0x0000000066540000)]
  0x000000005e614000 JavaThread "jar transforms Thread 41" [_thread_blocked, id=10864, stack(0x0000000066300000,0x0000000066400000)]
  0x000000005e613800 JavaThread "jar transforms Thread 40" [_thread_blocked, id=12148, stack(0x0000000066120000,0x0000000066220000)]
  0x000000005e612800 JavaThread "jar transforms Thread 39" [_thread_blocked, id=11012, stack(0x0000000065ff0000,0x00000000660f0000)]
  0x000000005e612000 JavaThread "jar transforms Thread 38" [_thread_blocked, id=4916, stack(0x0000000065de0000,0x0000000065ee0000)]
  0x000000005e611000 JavaThread "jar transforms Thread 37" [_thread_blocked, id=11572, stack(0x0000000065bb0000,0x0000000065cb0000)]
  0x000000005e610800 JavaThread "jar transforms Thread 36" [_thread_blocked, id=11444, stack(0x00000000659b0000,0x0000000065ab0000)]
  0x000000005e60f800 JavaThread "jar transforms Thread 35" [_thread_blocked, id=8608, stack(0x0000000064980000,0x0000000064a80000)]
  0x000000005e60f000 JavaThread "jar transforms Thread 34" [_thread_blocked, id=10220, stack(0x0000000064be0000,0x0000000064ce0000)]
  0x000000005f2b4000 JavaThread "jar transforms Thread 33" [_thread_blocked, id=11716, stack(0x00000000657b0000,0x00000000658b0000)]
  0x000000005f2b3000 JavaThread "jar transforms Thread 32" [_thread_blocked, id=12084, stack(0x0000000065670000,0x0000000065770000)]
  0x000000005f2b2800 JavaThread "jar transforms Thread 31" [_thread_blocked, id=10648, stack(0x0000000065480000,0x0000000065580000)]
  0x000000005f2b1800 JavaThread "jar transforms Thread 30" [_thread_blocked, id=8768, stack(0x00000000638d0000,0x00000000639d0000)]
  0x000000005f2b1000 JavaThread "jar transforms Thread 29" [_thread_blocked, id=9220, stack(0x0000000065290000,0x0000000065390000)]
  0x000000005f2b0000 JavaThread "jar transforms Thread 28" [_thread_blocked, id=12004, stack(0x0000000065140000,0x0000000065240000)]
  0x000000005f2af800 JavaThread "jar transforms Thread 27" [_thread_blocked, id=11156, stack(0x0000000065040000,0x0000000065140000)]
  0x000000005f2ae800 JavaThread "jar transforms Thread 26" [_thread_blocked, id=4076, stack(0x0000000064ec0000,0x0000000064fc0000)]
  0x000000005f2ae000 JavaThread "jar transforms Thread 25" [_thread_blocked, id=11676, stack(0x0000000064cf0000,0x0000000064df0000)]
  0x000000005f2ad000 JavaThread "jar transforms Thread 24" [_thread_blocked, id=2188, stack(0x0000000064ab0000,0x0000000064bb0000)]
  0x000000005e6e4800 JavaThread "jar transforms Thread 23" [_thread_blocked, id=11472, stack(0x0000000064590000,0x0000000064690000)]
  0x000000005e6e4000 JavaThread "jar transforms Thread 22" [_thread_blocked, id=8064, stack(0x0000000064860000,0x0000000064960000)]
  0x000000005e6e3000 JavaThread "jar transforms Thread 21" [_thread_blocked, id=4556, stack(0x0000000064690000,0x0000000064790000)]
  0x000000005e6e2800 JavaThread "jar transforms Thread 20" [_thread_blocked, id=4364, stack(0x0000000064450000,0x0000000064550000)]
  0x000000005e6e1800 JavaThread "jar transforms Thread 19" [_thread_blocked, id=11024, stack(0x00000000641a0000,0x00000000642a0000)]
  0x000000005e6e1000 JavaThread "jar transforms Thread 18" [_thread_blocked, id=4856, stack(0x00000000642a0000,0x00000000643a0000)]
  0x000000005e6e0000 JavaThread "jar transforms Thread 17" [_thread_blocked, id=9364, stack(0x0000000058310000,0x0000000058410000)]
  0x000000005e6df800 JavaThread "jar transforms Thread 16" [_thread_blocked, id=8764, stack(0x0000000064030000,0x0000000064130000)]
  0x000000005e6de800 JavaThread "jar transforms Thread 15" [_thread_blocked, id=11880, stack(0x0000000063e50000,0x0000000063f50000)]
  0x000000005e6de000 JavaThread "jar transforms Thread 14" [_thread_blocked, id=12044, stack(0x0000000063130000,0x0000000063230000)]
  0x000000005a9b4800 JavaThread "jar transforms Thread 13" [_thread_blocked, id=8408, stack(0x0000000063d50000,0x0000000063e50000)]
  0x000000005a9b4000 JavaThread "jar transforms Thread 12" [_thread_blocked, id=11804, stack(0x0000000063b90000,0x0000000063c90000)]
  0x000000005a9b3000 JavaThread "jar transforms Thread 11" [_thread_blocked, id=8948, stack(0x00000000639e0000,0x0000000063ae0000)]
  0x000000005a9b2800 JavaThread "jar transforms Thread 10" [_thread_blocked, id=9976, stack(0x00000000637d0000,0x00000000638d0000)]
  0x000000005a9b1800 JavaThread "jar transforms Thread 9" [_thread_blocked, id=5988, stack(0x0000000063650000,0x0000000063750000)]
  0x000000005a9b1000 JavaThread "jar transforms Thread 8" [_thread_blocked, id=11896, stack(0x0000000063460000,0x0000000063560000)]
  0x000000005a9b0000 JavaThread "jar transforms Thread 7" [_thread_blocked, id=9148, stack(0x0000000063350000,0x0000000063450000)]
  0x000000005a9af000 JavaThread "jar transforms Thread 6" [_thread_blocked, id=12176, stack(0x000000005b530000,0x000000005b630000)]
  0x000000005a9ae800 JavaThread "jar transforms Thread 5" [_thread_blocked, id=3216, stack(0x00000000629e0000,0x0000000062ae0000)]
  0x000000005a9ad800 JavaThread "jar transforms Thread 4" [_thread_blocked, id=3328, stack(0x0000000063230000,0x0000000063330000)]
  0x000000005e926800 JavaThread "jar transforms Thread 3" [_thread_blocked, id=12024, stack(0x0000000062ff0000,0x00000000630f0000)]
  0x000000005e925800 JavaThread "jar transforms Thread 2" [_thread_blocked, id=10520, stack(0x0000000062e90000,0x0000000062f90000)]
  0x000000005e925000 JavaThread "Build operations Thread 4" [_thread_blocked, id=10956, stack(0x0000000062ca0000,0x0000000062da0000)]
  0x000000005e924000 JavaThread "Build operations Thread 3" [_thread_blocked, id=12040, stack(0x0000000062b00000,0x0000000062c00000)]
  0x000000005e923800 JavaThread "Build operations Thread 2" [_thread_blocked, id=12192, stack(0x00000000628e0000,0x00000000629e0000)]
  0x000000005e922800 JavaThread "Build operations" [_thread_blocked, id=10812, stack(0x0000000060040000,0x0000000060140000)]
  0x000000005e921000 JavaThread "Cache worker for file content cache (C:\Users\Maskevich\.gradle\caches\6.5\fileContent)" [_thread_blocked, id=9032, stack(0x0000000061860000,0x0000000061960000)]
  0x000000005e91f800 JavaThread "jar transforms" [_thread_blocked, id=12032, stack(0x0000000062140000,0x0000000062240000)]
  0x000000005a7c6000 JavaThread "Cache worker for execution history cache (C:\Users\Maskevich\.gradle\caches\6.5\executionHistory)" [_thread_blocked, id=4668, stack(0x0000000061990000,0x0000000061a90000)]
  0x000000005a7c5000 JavaThread "Cache worker for cache directory md-rule (C:\Users\Maskevich\.gradle\caches\6.5\md-rule)" [_thread_blocked, id=10196, stack(0x0000000061750000,0x0000000061850000)]
  0x000000005a7c4800 JavaThread "Cache worker for cache directory md-supplier (C:\Users\Maskevich\.gradle\caches\6.5\md-supplier)" [_thread_blocked, id=4444, stack(0x0000000061650000,0x0000000061750000)]
  0x000000005a7c3800 JavaThread "Cache worker for checksums cache (D:\Education\Education\Java\Java\src\android\learningAndroid\ArchitectureExample\.gradle\checksums)" [_thread_blocked, id=12036, stack(0x000000005ebc0000,0x000000005ecc0000)]
  0x000000005a7c3000 JavaThread "Cache worker for file hash cache (D:\Education\Education\Java\Java\src\android\learningAndroid\ArchitectureExample\.gradle\6.5\fileHashes)" [_thread_blocked, id=4952, stack(0x000000005fd90000,0x000000005fe90000)]
  0x000000005a7c2000 JavaThread "File lock release action executor" [_thread_blocked, id=5196, stack(0x000000005ff00000,0x0000000060000000)]
  0x000000005a7c1800 JavaThread "Cache worker for file hash cache (C:\Users\Maskevich\.gradle\caches\6.5\fileHashes)" [_thread_blocked, id=6944, stack(0x000000005c570000,0x000000005c670000)]
  0x000000005a7c0800 JavaThread "File lock request listener" [_thread_in_native, id=12144, stack(0x0000000058ce0000,0x0000000058de0000)]
  0x000000005a7c0000 JavaThread "Cache worker for journal cache (C:\Users\Maskevich\.gradle\caches\journal-1)" [_thread_blocked, id=2668, stack(0x000000005c690000,0x000000005c790000)]
  0x000000005a2c7000 JavaThread "Thread-9" [_thread_blocked, id=4620, stack(0x000000005c230000,0x000000005c330000)]
  0x000000005a2cb800 JavaThread "Stdin handler" [_thread_blocked, id=5584, stack(0x000000005c120000,0x000000005c220000)]
  0x000000005a2c9800 JavaThread "Asynchronous log dispatcher for DefaultDaemonConnection: socket connection from /127.0.0.1:52437 to /127.0.0.1:52438" [_thread_blocked, id=4664, stack(0x000000005bf70000,0x000000005c070000)]
  0x000000005a2d5800 JavaThread "Daemon worker" [_thread_blocked, id=9864, stack(0x000000005bdf0000,0x000000005bef0000)]
  0x000000005a2e4000 JavaThread "Cancel handler" [_thread_blocked, id=10032, stack(0x000000005bc40000,0x000000005bd40000)]
  0x00000000589b2800 JavaThread "Handler for socket connection from /127.0.0.1:52437 to /127.0.0.1:52438" [_thread_in_native, id=8080, stack(0x000000005b730000,0x000000005b830000)]
  0x000000005a274000 JavaThread "Daemon" [_thread_blocked, id=4852, stack(0x000000005b890000,0x000000005b990000)]
  0x00000000589b2000 JavaThread "Daemon periodic checks" [_thread_blocked, id=4896, stack(0x000000005b630000,0x000000005b730000)]
  0x000000005a11d800 JavaThread "Incoming local TCP Connector on port 52437" [_thread_in_native, id=12172, stack(0x000000005b170000,0x000000005b270000)]
  0x000000005a10c000 JavaThread "Daemon health stats" [_thread_blocked, id=10160, stack(0x00000000592e0000,0x00000000593e0000)]
  0x0000000058824000 JavaThread "Service Thread" daemon [_thread_blocked, id=1372, stack(0x0000000058f10000,0x0000000059010000)]
  0x0000000057188000 JavaThread "C1 CompilerThread2" daemon [_thread_blocked, id=5148, stack(0x0000000059180000,0x0000000059280000)]
  0x0000000057187000 JavaThread "C2 CompilerThread1" daemon [_thread_in_native, id=11924, stack(0x0000000059050000,0x0000000059150000)]
=>0x00000000587a7800 JavaThread "C2 CompilerThread0" daemon [_thread_in_native, id=11292, stack(0x0000000058df0000,0x0000000058ef0000)]
  0x00000000587a4800 JavaThread "Attach Listener" daemon [_thread_blocked, id=11548, stack(0x0000000058be0000,0x0000000058ce0000)]
  0x00000000587a0800 JavaThread "Signal Dispatcher" daemon [_thread_blocked, id=5372, stack(0x0000000058530000,0x0000000058630000)]
  0x000000005716d000 JavaThread "Finalizer" daemon [_thread_blocked, id=12152, stack(0x00000000586a0000,0x00000000587a0000)]
  0x0000000057126000 JavaThread "Reference Handler" daemon [_thread_blocked, id=11132, stack(0x0000000058410000,0x0000000058510000)]
  0x000000000022e800 JavaThread "main" [_thread_blocked, id=3496, stack(0x0000000001f50000,0x0000000002050000)]

Other Threads:
  0x000000005711a800 VMThread [stack: 0x0000000058200000,0x0000000058300000] [id=9868]
  0x000000005884d800 WatcherThread [stack: 0x00000000593e0000,0x00000000594e0000] [id=12216]

VM state:not at safepoint (normal execution)

VM Mutex/Monitor currently owned by a thread: None

Heap:
 PSYoungGen      total 114688K, used 68352K [0x00000000d5580000, 0x00000000dd200000, 0x0000000100000000)
  eden space 102400K, 66% used [0x00000000d5580000,0x00000000d9840008,0x00000000db980000)
  from space 12288K, 0% used [0x00000000db980000,0x00000000db980000,0x00000000dc580000)
  to   space 11776K, 0% used [0x00000000dc580000,0x00000000dc580000,0x00000000dd100000)
 ParOldGen       total 57344K, used 33284K [0x0000000080000000, 0x0000000083800000, 0x00000000d5580000)
  object space 57344K, 58% used [0x0000000080000000,0x0000000082081060,0x0000000083800000)
 Metaspace       used 61401K, capacity 63970K, committed 64128K, reserved 1103872K
  class space    used 8716K, capacity 9240K, committed 9344K, reserved 1048576K

Card table byte_map: [0x00000000116e0000,0x0000000011af0000] byte_map_base: 0x00000000112e0000

Marking Bits: (ParMarkBitMap*) 0x00000000709ba6c0
 Begin Bits: [0x0000000012390000, 0x0000000014390000)
 End Bits:   [0x0000000014390000, 0x0000000016390000)

Polling page: 0x0000000000210000

CodeCache: size=245760Kb used=17452Kb max_used=17452Kb free=228307Kb
 bounds [0x0000000002320000, 0x0000000003440000, 0x0000000011320000]
 total_blobs=5969 nmethods=5190 adapters=691
 compilation: enabled

Compilation events (10 events):
Event: 27.423 Thread 0x0000000057188000 nmethod 5527 0x00000000033d86d0 code [0x00000000033d8880, 0x00000000033d8fa8]
Event: 27.423 Thread 0x0000000057188000 5528       3       org.gradle.internal.graph.CachingDirectedGraphWalker$GraphWithEmptyEdges::getEdgeValues (1 bytes)
Event: 27.423 Thread 0x0000000057188000 nmethod 5528 0x00000000033d9110 code [0x00000000033d9260, 0x00000000033d93b0]
Event: 27.423 Thread 0x0000000057188000 5529       3       java.util.stream.AbstractPipeline::evaluate (94 bytes)
Event: 27.423 Thread 0x0000000057188000 nmethod 5529 0x00000000033d9450 code [0x00000000033d9640, 0x00000000033d9d48]
Event: 27.423 Thread 0x0000000057188000 5530       3       java.util.stream.AbstractPipeline::sourceSpliterator (265 bytes)
Event: 27.424 Thread 0x0000000057188000 nmethod 5530 0x00000000033d9f90 code [0x00000000033da1e0, 0x00000000033db2a8]
Event: 27.424 Thread 0x0000000057188000 5531       3       java.util.stream.AbstractPipeline::wrapAndCopyInto (18 bytes)
Event: 27.424 Thread 0x0000000057188000 nmethod 5531 0x00000000033db9d0 code [0x00000000033dbb60, 0x00000000033dbf68]
Event: 27.424 Thread 0x0000000057188000 5532       3       org.gradle.internal.reflect.ClassInspector::visitGraph (98 bytes)

GC Heap History (10 events):
Event: 21.217 GC heap before
{Heap before GC invocations=12 (full 2):
 PSYoungGen      total 114176K, used 8575K [0x00000000d5580000, 0x00000000dd200000, 0x0000000100000000)
  eden space 102400K, 0% used [0x00000000d5580000,0x00000000d5580000,0x00000000db980000)
  from space 11776K, 72% used [0x00000000dc580000,0x00000000dcddffc0,0x00000000dd100000)
  to   space 12288K, 0% used [0x00000000db980000,0x00000000db980000,0x00000000dc580000)
 ParOldGen       total 44544K, used 7407K [0x0000000080000000, 0x0000000082b80000, 0x00000000d5580000)
  object space 44544K, 16% used [0x0000000080000000,0x000000008073bf18,0x0000000082b80000)
 Metaspace       used 34329K, capacity 35438K, committed 35496K, reserved 1079296K
  class space    used 4844K, capacity 5100K, committed 5120K, reserved 1048576K
Event: 21.295 GC heap after
Heap after GC invocations=12 (full 2):
 PSYoungGen      total 114176K, used 0K [0x00000000d5580000, 0x00000000dd200000, 0x0000000100000000)
  eden space 102400K, 0% used [0x00000000d5580000,0x00000000d5580000,0x00000000db980000)
  from space 11776K, 0% used [0x00000000dc580000,0x00000000dc580000,0x00000000dd100000)
  to   space 12288K, 0% used [0x00000000db980000,0x00000000db980000,0x00000000dc580000)
 ParOldGen       total 57344K, used 15678K [0x0000000080000000, 0x0000000083800000, 0x00000000d5580000)
  object space 57344K, 27% used [0x0000000080000000,0x0000000080f4fa30,0x0000000083800000)
 Metaspace       used 34329K, capacity 35438K, committed 35496K, reserved 1079296K
  class space    used 4844K, capacity 5100K, committed 5120K, reserved 1048576K
}
Event: 23.060 GC heap before
{Heap before GC invocations=13 (full 2):
 PSYoungGen      total 114176K, used 102400K [0x00000000d5580000, 0x00000000dd200000, 0x0000000100000000)
  eden space 102400K, 100% used [0x00000000d5580000,0x00000000db980000,0x00000000db980000)
  from space 11776K, 0% used [0x00000000dc580000,0x00000000dc580000,0x00000000dd100000)
  to   space 12288K, 0% used [0x00000000db980000,0x00000000db980000,0x00000000dc580000)
 ParOldGen       total 57344K, used 15678K [0x0000000080000000, 0x0000000083800000, 0x00000000d5580000)
  object space 57344K, 27% used [0x0000000080000000,0x0000000080f4fa30,0x0000000083800000)
 Metaspace       used 38758K, capacity 40444K, committed 40704K, reserved 1083392K
  class space    used 5495K, capacity 5802K, committed 5888K, reserved 1048576K
Event: 23.076 GC heap after
Heap after GC invocations=13 (full 2):
 PSYoungGen      total 114688K, used 8961K [0x00000000d5580000, 0x00000000dd200000, 0x0000000100000000)
  eden space 102400K, 0% used [0x00000000d5580000,0x00000000d5580000,0x00000000db980000)
  from space 12288K, 72% used [0x00000000db980000,0x00000000dc240520,0x00000000dc580000)
  to   space 11776K, 0% used [0x00000000dc580000,0x00000000dc580000,0x00000000dd100000)
 ParOldGen       total 57344K, used 15686K [0x0000000080000000, 0x0000000083800000, 0x00000000d5580000)
  object space 57344K, 27% used [0x0000000080000000,0x0000000080f51a30,0x0000000083800000)
 Metaspace       used 38758K, capacity 40444K, committed 40704K, reserved 1083392K
  class space    used 5495K, capacity 5802K, committed 5888K, reserved 1048576K
}
Event: 24.720 GC heap before
{Heap before GC invocations=14 (full 2):
 PSYoungGen      total 114688K, used 111361K [0x00000000d5580000, 0x00000000dd200000, 0x0000000100000000)
  eden space 102400K, 100% used [0x00000000d5580000,0x00000000db980000,0x00000000db980000)
  from space 12288K, 72% used [0x00000000db980000,0x00000000dc240520,0x00000000dc580000)
  to   space 11776K, 0% used [0x00000000dc580000,0x00000000dc580000,0x00000000dd100000)
 ParOldGen       total 57344K, used 15686K [0x0000000080000000, 0x0000000083800000, 0x00000000d5580000)
  object space 57344K, 27% used [0x0000000080000000,0x0000000080f51a30,0x0000000083800000)
 Metaspace       used 50219K, capacity 52004K, committed 52352K, reserved 1093632K
  class space    used 6878K, capacity 7254K, committed 7296K, reserved 1048576K
Event: 24.740 GC heap after
Heap after GC invocations=14 (full 2):
 PSYoungGen      total 114176K, used 11762K [0x00000000d5580000, 0x00000000dd200000, 0x0000000100000000)
  eden space 102400K, 0% used [0x00000000d5580000,0x00000000d5580000,0x00000000db980000)
  from space 11776K, 99% used [0x00000000dc580000,0x00000000dd0fca78,0x00000000dd100000)
  to   space 12288K, 0% used [0x00000000db980000,0x00000000db980000,0x00000000dc580000)
 ParOldGen       total 57344K, used 22063K [0x0000000080000000, 0x0000000083800000, 0x00000000d5580000)
  object space 57344K, 38% used [0x0000000080000000,0x000000008158bdb8,0x0000000083800000)
 Metaspace       used 50219K, capacity 52004K, committed 52352K, reserved 1093632K
  class space    used 6878K, capacity 7254K, committed 7296K, reserved 1048576K
}
Event: 25.980 GC heap before
{Heap before GC invocations=15 (full 2):
 PSYoungGen      total 114176K, used 101078K [0x00000000d5580000, 0x00000000dd200000, 0x0000000100000000)
  eden space 102400K, 87% used [0x00000000d5580000,0x00000000dacb8eb8,0x00000000db980000)
  from space 11776K, 99% used [0x00000000dc580000,0x00000000dd0fca78,0x00000000dd100000)
  to   space 12288K, 0% used [0x00000000db980000,0x00000000db980000,0x00000000dc580000)
 ParOldGen       total 57344K, used 22063K [0x0000000080000000, 0x0000000083800000, 0x00000000d5580000)
  object space 57344K, 38% used [0x0000000080000000,0x000000008158bdb8,0x0000000083800000)
 Metaspace       used 56720K, capacity 59048K, committed 59136K, reserved 1099776K
  class space    used 7954K, capacity 8401K, committed 8448K, reserved 1048576K
Event: 26.027 GC heap after
Heap after GC invocations=15 (full 2):
 PSYoungGen      total 114688K, used 10776K [0x00000000d5580000, 0x00000000dd200000, 0x0000000100000000)
  eden space 102400K, 0% used [0x00000000d5580000,0x00000000d5580000,0x00000000db980000)
  from space 12288K, 87% used [0x00000000db980000,0x00000000dc4062e0,0x00000000dc580000)
  to   space 11776K, 0% used [0x00000000dc580000,0x00000000dc580000,0x00000000dd100000)
 ParOldGen       total 57344K, used 28268K [0x0000000080000000, 0x0000000083800000, 0x00000000d5580000)
  object space 57344K, 49% used [0x0000000080000000,0x0000000081b9b280,0x0000000083800000)
 Metaspace       used 56720K, capacity 59048K, committed 59136K, reserved 1099776K
  class space    used 7954K, capacity 8401K, committed 8448K, reserved 1048576K
}
Event: 26.027 GC heap before
{Heap before GC invocations=16 (full 3):
 PSYoungGen      total 114688K, used 10776K [0x00000000d5580000, 0x00000000dd200000, 0x0000000100000000)
  eden space 102400K, 0% used [0x00000000d5580000,0x00000000d5580000,0x00000000db980000)
  from space 12288K, 87% used [0x00000000db980000,0x00000000dc4062e0,0x00000000dc580000)
  to   space 11776K, 0% used [0x00000000dc580000,0x00000000dc580000,0x00000000dd100000)
 ParOldGen       total 57344K, used 28268K [0x0000000080000000, 0x0000000083800000, 0x00000000d5580000)
  object space 57344K, 49% used [0x0000000080000000,0x0000000081b9b280,0x0000000083800000)
 Metaspace       used 56720K, capacity 59048K, committed 59136K, reserved 1099776K
  class space    used 7954K, capacity 8401K, committed 8448K, reserved 1048576K
Event: 26.366 GC heap after
Heap after GC invocations=16 (full 3):
 PSYoungGen      total 114688K, used 0K [0x00000000d5580000, 0x00000000dd200000, 0x0000000100000000)
  eden space 102400K, 0% used [0x00000000d5580000,0x00000000d5580000,0x00000000db980000)
  from space 12288K, 0% used [0x00000000db980000,0x00000000db980000,0x00000000dc580000)
  to   space 11776K, 0% used [0x00000000dc580000,0x00000000dc580000,0x00000000dd100000)
 ParOldGen       total 57344K, used 33284K [0x0000000080000000, 0x0000000083800000, 0x00000000d5580000)
  object space 57344K, 58% used [0x0000000080000000,0x0000000082081060,0x0000000083800000)
 Metaspace       used 56697K, capacity 58970K, committed 59136K, reserved 1099776K
  class space    used 7947K, capacity 8388K, committed 8448K, reserved 1048576K
}

Deoptimization events (10 events):
Event: 25.569 Thread 0x000000005a2d5800 Uncommon trap: reason=unstable_if action=reinterpret pc=0x0000000002918cac method=java.io.WinNTFileSystem.normalize(Ljava/lang/String;II)Ljava/lang/String; @ 103
Event: 26.498 Thread 0x000000005a2d5800 Uncommon trap: reason=bimorphic action=maybe_recompile pc=0x0000000002968904 method=java.util.regex.Pattern$5.isSatisfiedBy(I)Z @ 16
Event: 26.498 Thread 0x000000005a2d5800 Uncommon trap: reason=bimorphic action=maybe_recompile pc=0x0000000002968904 method=java.util.regex.Pattern$5.isSatisfiedBy(I)Z @ 16
Event: 26.498 Thread 0x000000005a2d5800 Uncommon trap: reason=bimorphic action=maybe_recompile pc=0x0000000002968904 method=java.util.regex.Pattern$5.isSatisfiedBy(I)Z @ 16
Event: 26.498 Thread 0x000000005a2d5800 Uncommon trap: reason=bimorphic action=maybe_recompile pc=0x0000000002968904 method=java.util.regex.Pattern$5.isSatisfiedBy(I)Z @ 16
Event: 26.660 Thread 0x000000005a2d5800 Uncommon trap: reason=unstable_if action=reinterpret pc=0x0000000002943b58 method=java.util.regex.Pattern$BmpCharProperty.match(Ljava/util/regex/Matcher;ILjava/lang/CharSequence;)Z @ 34
Event: 26.770 Thread 0x000000005a2d5800 Uncommon trap: reason=unstable_if action=reinterpret pc=0x000000000284634c method=com.sun.org.apache.xerces.internal.impl.XMLEntityScanner.scanLiteral(ILcom/sun/org/apache/xerces/internal/xni/XMLString;Z)I @ 660
Event: 27.118 Thread 0x000000005a2d5800 Uncommon trap: reason=unstable_if action=reinterpret pc=0x00000000026df474 method=java.lang.String.lastIndexOf([CII[CIII)I @ 118
Event: 27.139 Thread 0x000000005a2d5800 Uncommon trap: reason=unstable_if action=reinterpret pc=0x0000000002e7a748 method=java.util.HashMap.putVal(ILjava/lang/Object;Ljava/lang/Object;ZZ)Ljava/lang/Object; @ 109
Event: 27.139 Thread 0x000000005a2d5800 Uncommon trap: reason=unstable_if action=reinterpret pc=0x000000000321d25c method=java.util.HashMap.putVal(ILjava/lang/Object;Ljava/lang/Object;ZZ)Ljava/lang/Object; @ 109

Internal exceptions (10 events):
Event: 26.517 Thread 0x000000005a2d5800 Exception <a 'java/lang/ClassNotFoundException': com/sun/org/glassfish/hk2/osgiresourcelocator/ServiceLoader> (0x00000000d5929508) thrown at [C:\re\workspace\8-2-build-windows-amd64-cygwin\jdk8u111\7883\hotspot\src\share\vm\classfile\systemDictionary.cpp,
Event: 26.544 Thread 0x000000005a2d5800 Exception <a 'java/lang/NullPointerException'> (0x00000000d5da0d48) thrown at [C:\re\workspace\8-2-build-windows-amd64-cygwin\jdk8u111\7883\hotspot\src\share\vm\interpreter\linkResolver.cpp, line 1280]
Event: 27.207 Thread 0x000000005a2d5800 Exception <a 'java/lang/ClassNotFoundException': org/gradle/api/internal/file/collections/DefaultConfigurableFileTreeBeanInfo> (0x00000000d7ebda70) thrown at [C:\re\workspace\8-2-build-windows-amd64-cygwin\jdk8u111\7883\hotspot\src\share\vm\classfile\syst
Event: 27.207 Thread 0x000000005a2d5800 Exception <a 'java/lang/ClassNotFoundException': org/gradle/api/internal/file/CompositeFileTreeBeanInfo> (0x00000000d7ed6f60) thrown at [C:\re\workspace\8-2-build-windows-amd64-cygwin\jdk8u111\7883\hotspot\src\share\vm\classfile\systemDictionary.cpp, line
Event: 27.207 Thread 0x000000005a2d5800 Exception <a 'java/lang/ClassNotFoundException': org/gradle/api/internal/file/CompositeFileCollectionBeanInfo> (0x00000000d7ef2210) thrown at [C:\re\workspace\8-2-build-windows-amd64-cygwin\jdk8u111\7883\hotspot\src\share\vm\classfile\systemDictionary.cpp
Event: 27.208 Thread 0x000000005a2d5800 Exception <a 'java/lang/ClassNotFoundException': org/gradle/api/internal/file/AbstractFileCollectionBeanInfo> (0x00000000d7f0d4c0) thrown at [C:\re\workspace\8-2-build-windows-amd64-cygwin\jdk8u111\7883\hotspot\src\share\vm\classfile\systemDictionary.cpp,
Event: 27.208 Thread 0x000000005a2d5800 Exception <a 'java/lang/ClassNotFoundException': org/gradle/api/internal/file/AbstractFileCollectionCustomizer> (0x00000000d7f28d70) thrown at [C:\re\workspace\8-2-build-windows-amd64-cygwin\jdk8u111\7883\hotspot\src\share\vm\classfile\systemDictionary.cp
Event: 27.208 Thread 0x000000005a2d5800 Exception <a 'java/lang/ClassNotFoundException': org/gradle/api/internal/file/CompositeFileCollectionCustomizer> (0x00000000d7f55ad8) thrown at [C:\re\workspace\8-2-build-windows-amd64-cygwin\jdk8u111\7883\hotspot\src\share\vm\classfile\systemDictionary.c
Event: 27.209 Thread 0x000000005a2d5800 Exception <a 'java/lang/ClassNotFoundException': org/gradle/api/internal/file/CompositeFileTreeCustomizer> (0x00000000d7f7bd08) thrown at [C:\re\workspace\8-2-build-windows-amd64-cygwin\jdk8u111\7883\hotspot\src\share\vm\classfile\systemDictionary.cpp, li
Event: 27.209 Thread 0x000000005a2d5800 Exception <a 'java/lang/ClassNotFoundException': org/gradle/api/internal/file/collections/DefaultConfigurableFileTreeCustomizer> (0x00000000d7fa88a0) thrown at [C:\re\workspace\8-2-build-windows-amd64-cygwin\jdk8u111\7883\hotspot\src\share\vm\classfile\sy

Events (10 events):
Event: 27.418 loading class com/android/build/gradle/internal/tasks/DexMergingTask$CreationAction$getDexFiles$1
Event: 27.418 loading class com/android/build/gradle/internal/tasks/DexMergingTask$CreationAction$getDexFiles$1 done
Event: 27.419 loading class com/android/build/gradle/internal/tasks/DexMergingTask$CreationAction$getDexFiles$1$1
Event: 27.419 loading class com/android/build/gradle/internal/tasks/DexMergingTask$CreationAction$getDexFiles$1$1 done
Event: 27.420 loading class com/android/build/gradle/internal/tasks/DxStateBuildService$RegistrationAction
Event: 27.420 loading class com/android/build/gradle/internal/tasks/DxStateBuildService$RegistrationAction done
Event: 27.423 loading class com/android/builder/internal/compiler/ShaderProcessor
Event: 27.423 loading class com/android/builder/internal/compiler/ShaderProcessor done
Event: 27.423 loading class com/android/builder/internal/compiler/DirectoryWalker$FileAction
Event: 27.423 loading class com/android/builder/internal/compiler/DirectoryWalker$FileAction done


Dynamic libraries:
0x000000013f540000 - 0x000000013f577000 	C:\Program Files\Java\jdk1.8.0_111\bin\java.exe
0x0000000077a70000 - 0x0000000077c1a000 	C:\Windows\SYSTEM32\ntdll.dll
0x0000000077950000 - 0x0000000077a6f000 	C:\Windows\system32\kernel32.dll
0x000007fefd780000 - 0x000007fefd7ea000 	C:\Windows\system32\KERNELBASE.dll
0x000007feff090000 - 0x000007feff16b000 	C:\Windows\system32\ADVAPI32.dll
0x000007fefdb20000 - 0x000007fefdbbf000 	C:\Windows\system32\msvcrt.dll
0x000007feff4c0000 - 0x000007feff4df000 	C:\Windows\SYSTEM32\sechost.dll
0x000007fefe190000 - 0x000007fefe2bd000 	C:\Windows\system32\RPCRT4.dll
0x0000000077850000 - 0x000000007794a000 	C:\Windows\system32\USER32.dll
0x000007feffbf0000 - 0x000007feffc57000 	C:\Windows\system32\GDI32.dll
0x000007feffaf0000 - 0x000007feffafe000 	C:\Windows\system32\LPK.dll
0x000007feffb00000 - 0x000007feffbcb000 	C:\Windows\system32\USP10.dll
0x000007fefc010000 - 0x000007fefc204000 	C:\Windows\WinSxS\amd64_microsoft.windows.common-controls_6595b64144ccf1df_6.0.7601.18837_none_fa3b1e3d17594757\COMCTL32.dll
0x000007feff440000 - 0x000007feff4b1000 	C:\Windows\system32\SHLWAPI.dll
0x000007feff060000 - 0x000007feff08e000 	C:\Windows\system32\IMM32.DLL
0x000007feff9e0000 - 0x000007feffae9000 	C:\Windows\system32\MSCTF.dll
0x0000000060160000 - 0x0000000060232000 	C:\Program Files\Java\jdk1.8.0_111\jre\bin\msvcr100.dll
0x00000000701a0000 - 0x0000000070a3a000 	C:\Program Files\Java\jdk1.8.0_111\jre\bin\server\jvm.dll
0x000007fef4660000 - 0x000007fef4669000 	C:\Windows\system32\WSOCK32.dll
0x000007feff990000 - 0x000007feff9dd000 	C:\Windows\system32\WS2_32.dll
0x000007fefe2c0000 - 0x000007fefe2c8000 	C:\Windows\system32\NSI.dll
0x000007fefbd90000 - 0x000007fefbdcb000 	C:\Windows\system32\WINMM.dll
0x000007fefc650000 - 0x000007fefc65c000 	C:\Windows\system32\VERSION.dll
0x0000000077c30000 - 0x0000000077c37000 	C:\Windows\system32\PSAPI.DLL
0x0000000061340000 - 0x000000006134f000 	C:\Program Files\Java\jdk1.8.0_111\jre\bin\verify.dll
0x00000000612e0000 - 0x0000000061309000 	C:\Program Files\Java\jdk1.8.0_111\jre\bin\java.dll
0x00000000612c0000 - 0x00000000612d6000 	C:\Program Files\Java\jdk1.8.0_111\jre\bin\zip.dll
0x000007fefe2d0000 - 0x000007feff05b000 	C:\Windows\system32\SHELL32.dll
0x000007fefdf90000 - 0x000007fefe18c000 	C:\Windows\system32\ole32.dll
0x000007fefd760000 - 0x000007fefd76f000 	C:\Windows\system32\profapi.dll
0x00000000612a0000 - 0x00000000612ba000 	C:\Program Files\Java\jdk1.8.0_111\jre\bin\net.dll
0x000007fefcef0000 - 0x000007fefcf45000 	C:\Windows\system32\mswsock.dll
0x000007fefcee0000 - 0x000007fefcee7000 	C:\Windows\System32\wship6.dll
0x0000000061280000 - 0x0000000061291000 	C:\Program Files\Java\jdk1.8.0_111\jre\bin\nio.dll
0x000007fedfe20000 - 0x000007fedfe47000 	C:\Users\Maskevich\.gradle\native\f6784746aeab05261644944871eae4fe03e0ef1612fff0a4a95f87b438bc6780\windows-amd64\native-platform.dll
0x000007fef93a0000 - 0x000007fef93a3000 	C:\Windows\system32\api-ms-win-core-synch-l1-2-0.DLL
0x0000000061350000 - 0x000000006135d000 	C:\Program Files\Java\jdk1.8.0_111\jre\bin\management.dll
0x000007fefcf50000 - 0x000007fefcf68000 	C:\Windows\system32\CRYPTSP.dll
0x000007fefcc50000 - 0x000007fefcc97000 	C:\Windows\system32\rsaenh.dll
0x000007fefd800000 - 0x000007fefd81e000 	C:\Windows\system32\USERENV.dll
0x000007fefd5c0000 - 0x000007fefd5cf000 	C:\Windows\system32\CRYPTBASE.dll
0x000007fefa8a0000 - 0x000007fefa8c7000 	C:\Windows\system32\IPHLPAPI.DLL
0x000007fefa820000 - 0x000007fefa82b000 	C:\Windows\system32\WINNSI.DLL
0x000007fefa660000 - 0x000007fefa671000 	C:\Windows\system32\dhcpcsvc6.DLL
0x000007fefa600000 - 0x000007fefa618000 	C:\Windows\system32\dhcpcsvc.DLL

VM Arguments:
jvm_args: -Xmx2048m -Dfile.encoding=UTF-8 -Duser.country=RU -Duser.language=ru -Duser.variant 
java_command: org.gradle.launcher.daemon.bootstrap.GradleDaemon 6.5
java_class_path (initial): C:\Users\Maskevich\.gradle\wrapper\dists\gradle-6.5-bin\6nifqtx7604sqp1q6g8wikw7p\gradle-6.5\lib\gradle-launcher-6.5.jar
Launcher Type: SUN_STANDARD

Environment Variables:
JAVA_HOME=C:\Program Files\Java\jdk1.8.0_111;D:\Install\JavaInstall\wildfly-19.0.0.Beta2\bin;D:\Install\JavaInstall\apache-maven-3.6.3\bin
PATH=C:\Program Files (x86)\Common Files\Oracle\Java\javapath;C:\ProgramData\Oracle\Java\javapath;C:\Windows\system32;C:\Windows;C:\Windows\System32\Wbem;C:\Windows\System32\WindowsPowerShell\v1.0\;C:\Program Files (x86)\NVIDIA Corporation\PhysX\Common;C:\Program Files\Java\jdk1.8.0_111\bin;C:\Program Files\Common Files\Autodesk Shared;C:\Program Files\Java\jdk1.8.0_111;D:\Install\JavaInstall\wildfly-19.0.0.Beta2\bin;D:\Install\JavaInstall\apache-maven-3.6.3\bin\bin; D:\Install\JavaInstall\wildfly-19.0.0.Beta2\bin;D:\Install\JavaInstall\javamvn\sources\wildfly-19.0.0.Beta2\bin;D:\Install\JavaInstall\apache-maven-3.6.3\bin;C:\Program Files\Git\cmd;C:\Program Files\MySQL\MySQL Shell 8.0\bin\;C:\Program Files\JetBrains\WebStorm 2020.1\bin;
USERNAME=Maskevich
OS=Windows_NT
PROCESSOR_IDENTIFIER=Intel64 Family 6 Model 60 Stepping 3, GenuineIntel



---------------  S Y S T E M  ---------------

OS: Windows 7 , 64 bit Build 7601 (6.1.7601.23807)

CPU:total 4 (4 cores per cpu, 1 threads per core) family 6 model 60 stepping 3, cmov, cx8, fxsr, mmx, sse, sse2, sse3, ssse3, sse4.1, sse4.2, popcnt, avx, avx2, aes, clmul, erms, lzcnt, tsc, tscinvbit, bmi1, bmi2

Memory: 4k page, physical 8322960k(667628k free), swap 11366204k(6796k free)

vm_info: Java HotSpot(TM) 64-Bit Server VM (25.111-b14) for windows-amd64 JRE (1.8.0_111-b14), built on Sep 22 2016 19:24:05 by "java_re" with MS VC++ 10.0 (VS2010)

time: Mon Dec 28 13:55:02 2020
elapsed time: 28 seconds (0d 0h 0m 28s)

