#
# There is insufficient memory for the Java Runtime Environment to continue.
# Native memory allocation (malloc) failed to allocate 1015056 bytes for Chunk::new
# Possible reasons:
#   The system is out of physical RAM or swap space
#   In 32 bit mode, the process size limit was hit
# Possible solutions:
#   Reduce memory load on the system
#   Increase physical memory or swap space
#   Check if swap backing store is full
#   Use 64 bit Java on a 64 bit OS
#   Decrease Java heap size (-Xmx/-Xms)
#   Decrease number of Java threads
#   Decrease Java thread stack sizes (-Xss)
#   Set larger code cache with -XX:ReservedCodeCacheSize=
# This output file may be truncated or incomplete.
#
#  Out of Memory Error (allocation.cpp:390), pid=12744, tid=0x0000000000003210
#
# JRE version: Java(TM) SE Runtime Environment (8.0_111-b14) (build 1.8.0_111-b14)
# Java VM: Java HotSpot(TM) 64-Bit Server VM (25.111-b14 mixed mode windows-amd64 compressed oops)
# Failed to write core dump. Minidumps are not enabled by default on client versions of Windows
#

---------------  T H R E A D  ---------------

Current thread (0x0000000058724800):  JavaThread "C2 CompilerThread0" daemon [_thread_in_native, id=12816, stack(0x0000000059000000,0x0000000059100000)]

Stack: [0x0000000059000000,0x0000000059100000]
[error occurred during error reporting (printing stack bounds), id 0xc0000005]

Native frames: (J=compiled Java code, j=interpreted, Vv=VM code, C=native code)


Current CompileTask:
C2:  14248 3654       4       java.net.URLClassLoader$1::run (5 bytes)


---------------  P R O C E S S  ---------------

Java Threads: ( => current thread )
  0x000000005daf5000 JavaThread "jar transforms Thread 92" [_thread_blocked, id=2188, stack(0x000000006a3c0000,0x000000006a4c0000)]
  0x000000005daf4000 JavaThread "jar transforms Thread 91" [_thread_blocked, id=11472, stack(0x000000006a210000,0x000000006a310000)]
  0x000000005daf3000 JavaThread "jar transforms Thread 90" [_thread_blocked, id=8064, stack(0x00000000693a0000,0x00000000694a0000)]
  0x000000005daf2800 JavaThread "jar transforms Thread 89" [_thread_blocked, id=4556, stack(0x0000000069fc0000,0x000000006a0c0000)]
  0x000000005daf1800 JavaThread "jar transforms Thread 88" [_thread_blocked, id=4364, stack(0x0000000069e80000,0x0000000069f80000)]
  0x000000005daf1000 JavaThread "jar transforms Thread 87" [_thread_blocked, id=11024, stack(0x0000000069d10000,0x0000000069e10000)]
  0x000000005daf0000 JavaThread "jar transforms Thread 86" [_thread_blocked, id=4856, stack(0x0000000069b10000,0x0000000069c10000)]
  0x00000000589e9800 JavaThread "jar transforms Thread 85" [_thread_blocked, id=9364, stack(0x00000000699d0000,0x0000000069ad0000)]
  0x00000000589e8800 JavaThread "jar transforms Thread 84" [_thread_blocked, id=8764, stack(0x0000000069830000,0x0000000069930000)]
  0x00000000589e8000 JavaThread "jar transforms Thread 83" [_thread_blocked, id=11880, stack(0x00000000689d0000,0x0000000068ad0000)]
  0x00000000589e7000 JavaThread "jar transforms Thread 82" [_thread_blocked, id=12044, stack(0x00000000696f0000,0x00000000697f0000)]
  0x00000000589e6800 JavaThread "jar transforms Thread 81" [_thread_blocked, id=8408, stack(0x0000000066f60000,0x0000000067060000)]
  0x00000000589e5800 JavaThread "jar transforms Thread 80" [_thread_blocked, id=11804, stack(0x0000000069500000,0x0000000069600000)]
  0x00000000589e5000 JavaThread "jar transforms Thread 79" [_thread_blocked, id=8948, stack(0x0000000069280000,0x0000000069380000)]
  0x00000000589e4000 JavaThread "jar transforms Thread 78" [_thread_blocked, id=9976, stack(0x00000000690e0000,0x00000000691e0000)]
  0x00000000589e3800 JavaThread "jar transforms Thread 77" [_thread_blocked, id=5988, stack(0x0000000068f80000,0x0000000069080000)]
  0x00000000589e2800 JavaThread "jar transforms Thread 76" [_thread_blocked, id=11896, stack(0x0000000068e00000,0x0000000068f00000)]
  0x000000005e6dd000 JavaThread "jar transforms Thread 75" [_thread_blocked, id=9148, stack(0x0000000067f00000,0x0000000068000000)]
  0x000000005e6dc800 JavaThread "jar transforms Thread 74" [_thread_blocked, id=12176, stack(0x0000000068c90000,0x0000000068d90000)]
  0x000000005e6db800 JavaThread "jar transforms Thread 73" [_thread_blocked, id=3216, stack(0x0000000068ad0000,0x0000000068bd0000)]
  0x000000005e6db000 JavaThread "jar transforms Thread 72" [_thread_blocked, id=3328, stack(0x00000000688a0000,0x00000000689a0000)]
  0x000000005e6da000 JavaThread "jar transforms Thread 71" [_thread_blocked, id=12024, stack(0x0000000068760000,0x0000000068860000)]
  0x000000005e6d9800 JavaThread "jar transforms Thread 70" [_thread_blocked, id=10520, stack(0x0000000068390000,0x0000000068490000)]
  0x000000005e6d8800 JavaThread "jar transforms Thread 69" [_thread_blocked, id=10956, stack(0x0000000068610000,0x0000000068710000)]
  0x000000005e6d8000 JavaThread "jar transforms Thread 68" [_thread_blocked, id=12040, stack(0x00000000684d0000,0x00000000685d0000)]
  0x000000005e6d7000 JavaThread "jar transforms Thread 67" [_thread_blocked, id=12192, stack(0x0000000068180000,0x0000000068280000)]
  0x000000005e6d6800 JavaThread "jar transforms Thread 66" [_thread_blocked, id=10812, stack(0x0000000068280000,0x0000000068380000)]
  0x0000000059d33000 JavaThread "jar transforms Thread 65" [_thread_blocked, id=4620, stack(0x0000000068030000,0x0000000068130000)]
  0x0000000059d32800 JavaThread "jar transforms Thread 64" [_thread_blocked, id=9032, stack(0x0000000067df0000,0x0000000067ef0000)]
  0x0000000059d31800 JavaThread "jar transforms Thread 63" [_thread_blocked, id=2668, stack(0x0000000067cc0000,0x0000000067dc0000)]
  0x0000000059d31000 JavaThread "jar transforms Thread 62" [_thread_blocked, id=12032, stack(0x0000000067b40000,0x0000000067c40000)]
  0x0000000059d30000 JavaThread "jar transforms Thread 61" [_thread_blocked, id=4668, stack(0x0000000067720000,0x0000000067820000)]
  0x0000000059d2f800 JavaThread "jar transforms Thread 60" [_thread_blocked, id=10196, stack(0x00000000679b0000,0x0000000067ab0000)]
  0x0000000059d2e800 JavaThread "jar transforms Thread 59" [_thread_blocked, id=4444, stack(0x0000000065e60000,0x0000000065f60000)]
  0x0000000059d2e000 JavaThread "jar transforms Thread 58" [_thread_blocked, id=12036, stack(0x0000000067820000,0x0000000067920000)]
  0x0000000059d2d000 JavaThread "jar transforms Thread 57" [_thread_blocked, id=4664, stack(0x0000000067610000,0x0000000067710000)]
  0x0000000059d2c800 JavaThread "jar transforms Thread 56" [_thread_blocked, id=4952, stack(0x00000000665e0000,0x00000000666e0000)]
  0x000000005dd82000 JavaThread "jar transforms Thread 55" [_thread_blocked, id=5196, stack(0x0000000067490000,0x0000000067590000)]
  0x000000005dd81800 JavaThread "jar transforms Thread 54" [_thread_blocked, id=6944, stack(0x0000000067380000,0x0000000067480000)]
  0x000000005dd80800 JavaThread "jar transforms Thread 53" [_thread_blocked, id=12144, stack(0x00000000671d0000,0x00000000672d0000)]
  0x000000005dd80000 JavaThread "jar transforms Thread 52" [_thread_blocked, id=5584, stack(0x0000000067060000,0x0000000067160000)]
  0x000000005dd7f000 JavaThread "jar transforms Thread 51" [_thread_blocked, id=10032, stack(0x0000000066e50000,0x0000000066f50000)]
  0x000000005dd7e800 JavaThread "jar transforms Thread 50" [_thread_blocked, id=8080, stack(0x0000000066cc0000,0x0000000066dc0000)]
  0x000000005dd7d800 JavaThread "jar transforms Thread 49" [_thread_blocked, id=4852, stack(0x0000000066b00000,0x0000000066c00000)]
  0x000000005dd7d000 JavaThread "jar transforms Thread 48" [_thread_blocked, id=12172, stack(0x0000000066950000,0x0000000066a50000)]
  0x000000005dd7c000 JavaThread "jar transforms Thread 47" [_thread_blocked, id=4896, stack(0x0000000066830000,0x0000000066930000)]
  0x000000005dd7b800 JavaThread "jar transforms Thread 46" [_thread_blocked, id=3496, stack(0x00000000666f0000,0x00000000667f0000)]
  0x000000005ccfb000 JavaThread "jar transforms Thread 45" [_thread_blocked, id=7300, stack(0x0000000066490000,0x0000000066590000)]
  0x000000005ccfa800 JavaThread "jar transforms Thread 44" [_thread_blocked, id=9508, stack(0x0000000066190000,0x0000000066290000)]
  0x000000005ccf9800 JavaThread "jar transforms Thread 43" [_thread_blocked, id=10160, stack(0x00000000662f0000,0x00000000663f0000)]
  0x000000005ccf9000 JavaThread "jar transforms Thread 42" [_thread_blocked, id=12216, stack(0x0000000066080000,0x0000000066180000)]
  0x000000005ccf8000 JavaThread "jar transforms Thread 41" [_thread_blocked, id=1372, stack(0x0000000065f80000,0x0000000066080000)]
  0x000000005ccf7800 JavaThread "jar transforms Thread 40" [_thread_blocked, id=5148, stack(0x0000000065d60000,0x0000000065e60000)]
  0x000000005ccf6800 JavaThread "jar transforms Thread 39" [_thread_blocked, id=11924, stack(0x0000000065b10000,0x0000000065c10000)]
  0x000000005ccf6000 JavaThread "jar transforms Thread 38" [_thread_blocked, id=11292, stack(0x0000000065c30000,0x0000000065d30000)]
  0x000000005ccf5000 JavaThread "jar transforms Thread 37" [_thread_blocked, id=11548, stack(0x0000000064960000,0x0000000064a60000)]
  0x000000005ccf4800 JavaThread "jar transforms Thread 36" [_thread_blocked, id=5372, stack(0x0000000065410000,0x0000000065510000)]
  0x000000005db49800 JavaThread "jar transforms Thread 35" [_thread_blocked, id=12152, stack(0x00000000659f0000,0x0000000065af0000)]
  0x000000005db49000 JavaThread "jar transforms Thread 34" [_thread_blocked, id=11132, stack(0x0000000064cf0000,0x0000000064df0000)]
  0x000000005db48000 JavaThread "jar transforms Thread 33" [_thread_blocked, id=9868, stack(0x00000000658e0000,0x00000000659e0000)]
  0x000000005db47800 JavaThread "jar transforms Thread 32" [_thread_blocked, id=8060, stack(0x00000000656f0000,0x00000000657f0000)]
  0x000000005db46800 JavaThread "jar transforms Thread 31" [_thread_blocked, id=12184, stack(0x0000000065510000,0x0000000065610000)]
  0x000000005db46000 JavaThread "jar transforms Thread 30" [_thread_blocked, id=3476, stack(0x0000000065300000,0x0000000065400000)]
  0x000000005db45000 JavaThread "jar transforms Thread 29" [_thread_blocked, id=4868, stack(0x0000000065160000,0x0000000065260000)]
  0x000000005db44800 JavaThread "jar transforms Thread 28" [_thread_blocked, id=10668, stack(0x0000000064fd0000,0x00000000650d0000)]
  0x000000005db43800 JavaThread "jar transforms Thread 27" [_thread_blocked, id=5240, stack(0x0000000064e20000,0x0000000064f20000)]
  0x000000005db43000 JavaThread "jar transforms Thread 26" [_thread_blocked, id=10848, stack(0x0000000064b80000,0x0000000064c80000)]
  0x000000005e0b4000 JavaThread "jar transforms Thread 25" [_thread_blocked, id=10320, stack(0x0000000064a70000,0x0000000064b70000)]
  0x000000005e0b3800 JavaThread "jar transforms Thread 24" [_thread_blocked, id=12452, stack(0x0000000064850000,0x0000000064950000)]
  0x000000005e0b2800 JavaThread "jar transforms Thread 23" [_thread_blocked, id=8616, stack(0x0000000064730000,0x0000000064830000)]
  0x000000005e0b2000 JavaThread "jar transforms Thread 22" [_thread_blocked, id=11588, stack(0x0000000064620000,0x0000000064720000)]
  0x000000005e0b1000 JavaThread "jar transforms Thread 21" [_thread_blocked, id=11440, stack(0x0000000063c70000,0x0000000063d70000)]
  0x000000005e0b0800 JavaThread "jar transforms Thread 20" [_thread_blocked, id=12432, stack(0x00000000644d0000,0x00000000645d0000)]
  0x000000005e0af800 JavaThread "jar transforms Thread 19" [_thread_blocked, id=12436, stack(0x00000000643d0000,0x00000000644d0000)]
  0x000000005e0af000 JavaThread "jar transforms Thread 18" [_thread_blocked, id=12420, stack(0x00000000641e0000,0x00000000642e0000)]
  0x000000005e0ae000 JavaThread "jar transforms Thread 17" [_thread_blocked, id=12424, stack(0x0000000064030000,0x0000000064130000)]
  0x000000005e0ad800 JavaThread "jar transforms Thread 16" [_thread_blocked, id=12376, stack(0x0000000063f30000,0x0000000064030000)]
  0x000000005cf07000 JavaThread "jar transforms Thread 15" [_thread_blocked, id=4616, stack(0x0000000063da0000,0x0000000063ea0000)]
  0x000000005cf06800 JavaThread "jar transforms Thread 14" [_thread_blocked, id=8864, stack(0x0000000063b60000,0x0000000063c60000)]
  0x000000005cf05800 JavaThread "jar transforms Thread 13" [_thread_blocked, id=12380, stack(0x0000000063720000,0x0000000063820000)]
  0x000000005cf05000 JavaThread "jar transforms Thread 12" [_thread_blocked, id=10260, stack(0x00000000639d0000,0x0000000063ad0000)]
  0x000000005cf04000 JavaThread "jar transforms Thread 11" [_thread_blocked, id=10296, stack(0x0000000063870000,0x0000000063970000)]
  0x000000005cf03800 JavaThread "jar transforms Thread 10" [_thread_blocked, id=10672, stack(0x0000000063610000,0x0000000063710000)]
  0x000000005cf02800 JavaThread "jar transforms Thread 9" [_thread_blocked, id=12352, stack(0x0000000063460000,0x0000000063560000)]
  0x000000005cf02000 JavaThread "jar transforms Thread 8" [_thread_blocked, id=1032, stack(0x0000000063320000,0x0000000063420000)]
  0x000000005cf01000 JavaThread "jar transforms Thread 7" [_thread_blocked, id=1144, stack(0x0000000062900000,0x0000000062a00000)]
  0x000000005cf00800 JavaThread "jar transforms Thread 6" [_thread_blocked, id=6932, stack(0x00000000631d0000,0x00000000632d0000)]
  0x0000000059aeb000 JavaThread "jar transforms Thread 5" [_thread_blocked, id=10300, stack(0x0000000062ca0000,0x0000000062da0000)]
  0x0000000059aea000 JavaThread "jar transforms Thread 4" [_thread_blocked, id=12316, stack(0x0000000063060000,0x0000000063160000)]
  0x0000000059ae9800 JavaThread "jar transforms Thread 3" [_thread_blocked, id=11504, stack(0x0000000062ed0000,0x0000000062fd0000)]
  0x0000000059ae8800 JavaThread "jar transforms Thread 2" [_thread_blocked, id=11152, stack(0x0000000062dd0000,0x0000000062ed0000)]
  0x0000000059ae8000 JavaThread "Build operations Thread 4" [_thread_blocked, id=8600, stack(0x0000000062b90000,0x0000000062c90000)]
  0x0000000059ae7000 JavaThread "Build operations Thread 3" [_thread_blocked, id=13308, stack(0x0000000062a50000,0x0000000062b50000)]
  0x0000000059ae6800 JavaThread "Build operations Thread 2" [_thread_blocked, id=13304, stack(0x00000000627c0000,0x00000000628c0000)]
  0x0000000059ae5800 JavaThread "Build operations" [_thread_blocked, id=13300, stack(0x0000000061160000,0x0000000061260000)]
  0x0000000059ae3800 JavaThread "Cache worker for file content cache (C:\Users\Maskevich\.gradle\caches\6.5\fileContent)" [_thread_blocked, id=13228, stack(0x0000000060e10000,0x0000000060f10000)]
  0x0000000059ae2800 JavaThread "jar transforms" [_thread_blocked, id=13224, stack(0x0000000060c20000,0x0000000060d20000)]
  0x0000000059ae1000 JavaThread "Cache worker for execution history cache (C:\Users\Maskevich\.gradle\caches\6.5\executionHistory)" [_thread_blocked, id=13208, stack(0x0000000060250000,0x0000000060350000)]
  0x0000000059ae0000 JavaThread "Cache worker for cache directory md-rule (C:\Users\Maskevich\.gradle\caches\6.5\md-rule)" [_thread_blocked, id=13184, stack(0x00000000604e0000,0x00000000605e0000)]
  0x0000000059adf800 JavaThread "Cache worker for cache directory md-supplier (C:\Users\Maskevich\.gradle\caches\6.5\md-supplier)" [_thread_blocked, id=13168, stack(0x00000000603d0000,0x00000000604d0000)]
  0x0000000059ade800 JavaThread "Cache worker for checksums cache (D:\Education\Education\Java\Java\src\android\learningAndroid\ArchitectureExample\.gradle\checksums)" [_thread_blocked, id=13152, stack(0x000000005fac0000,0x000000005fbc0000)]
  0x0000000059ade000 JavaThread "Cache worker for file hash cache (D:\Education\Education\Java\Java\src\android\learningAndroid\ArchitectureExample\.gradle\6.5\fileHashes)" [_thread_blocked, id=13148, stack(0x0000000060020000,0x0000000060120000)]
  0x0000000059add000 JavaThread "Cache worker for file hash cache (C:\Users\Maskevich\.gradle\caches\6.5\fileHashes)" [_thread_blocked, id=13136, stack(0x000000005be70000,0x000000005bf70000)]
  0x0000000059adc800 JavaThread "File lock request listener" [_thread_in_native, id=13108, stack(0x000000005c330000,0x000000005c430000)]
  0x0000000059adb800 JavaThread "Cache worker for journal cache (C:\Users\Maskevich\.gradle\caches\journal-1)" [_thread_blocked, id=13104, stack(0x000000005c7a0000,0x000000005c8a0000)]
  0x0000000058abe000 JavaThread "Thread-9" [_thread_blocked, id=13096, stack(0x000000005c460000,0x000000005c560000)]
  0x000000005a68e800 JavaThread "Stdin handler" [_thread_blocked, id=13092, stack(0x000000005c230000,0x000000005c330000)]
  0x000000005a69c800 JavaThread "Asynchronous log dispatcher for DefaultDaemonConnection: socket connection from /127.0.0.1:52461 to /127.0.0.1:52462" [_thread_blocked, id=13088, stack(0x000000005ba10000,0x000000005bb10000)]
  0x0000000058a46000 JavaThread "Daemon worker" [_thread_in_Java, id=13076, stack(0x000000005c0f0000,0x000000005c1f0000)]
  0x0000000058a45800 JavaThread "Cancel handler" [_thread_blocked, id=13072, stack(0x000000005bfa0000,0x000000005c0a0000)]
  0x0000000059dca800 JavaThread "Handler for socket connection from /127.0.0.1:52461 to /127.0.0.1:52462" [_thread_in_native, id=13068, stack(0x000000005bb30000,0x000000005bc30000)]
  0x0000000058a97000 JavaThread "Daemon" [_thread_blocked, id=13064, stack(0x000000005b780000,0x000000005b880000)]
  0x0000000058a9c000 JavaThread "Daemon periodic checks" [_thread_blocked, id=13060, stack(0x000000005b910000,0x000000005ba10000)]
  0x0000000058a88000 JavaThread "Incoming local TCP Connector on port 52461" [_thread_in_native, id=13056, stack(0x000000005b3c0000,0x000000005b4c0000)]
  0x000000005a991800 JavaThread "Daemon health stats" [_thread_blocked, id=12868, stack(0x00000000593a0000,0x00000000594a0000)]
  0x00000000587a0000 JavaThread "Service Thread" daemon [_thread_blocked, id=12828, stack(0x00000000591c0000,0x00000000592c0000)]
  0x000000005872b800 JavaThread "C1 CompilerThread2" daemon [_thread_blocked, id=12824, stack(0x0000000012270000,0x0000000012370000)]
  0x000000005872a000 JavaThread "C2 CompilerThread1" daemon [_thread_blocked, id=12820, stack(0x0000000058ce0000,0x0000000058de0000)]
=>0x0000000058724800 JavaThread "C2 CompilerThread0" daemon [_thread_in_native, id=12816, stack(0x0000000059000000,0x0000000059100000)]
  0x0000000057419800 JavaThread "Attach Listener" daemon [_thread_blocked, id=12812, stack(0x0000000058e50000,0x0000000058f50000)]
  0x0000000057417800 JavaThread "Signal Dispatcher" daemon [_thread_blocked, id=12808, stack(0x0000000058bb0000,0x0000000058cb0000)]
  0x00000000573f9800 JavaThread "Finalizer" daemon [_thread_blocked, id=12804, stack(0x0000000058620000,0x0000000058720000)]
  0x00000000573b2800 JavaThread "Reference Handler" daemon [_thread_blocked, id=12800, stack(0x0000000058470000,0x0000000058570000)]
  0x00000000004ae800 JavaThread "main" [_thread_blocked, id=12776, stack(0x00000000020b0000,0x00000000021b0000)]

Other Threads:
  0x00000000573aa800 VMThread [stack: 0x0000000058320000,0x0000000058420000] [id=12796]
  0x00000000587c1800 WatcherThread [stack: 0x00000000594b0000,0x00000000595b0000] [id=12832]

VM state:not at safepoint (normal execution)

VM Mutex/Monitor currently owned by a thread: None

Heap:
 PSYoungGen      total 137728K, used 2631K [0x00000000d5580000, 0x00000000de880000, 0x0000000100000000)
  eden space 126464K, 2% used [0x00000000d5580000,0x00000000d5811dc8,0x00000000dd100000)
  from space 11264K, 0% used [0x00000000ddc80000,0x00000000ddc80000,0x00000000de780000)
  to   space 11776K, 0% used [0x00000000dd100000,0x00000000dd100000,0x00000000ddc80000)
 ParOldGen       total 58880K, used 20544K [0x0000000080000000, 0x0000000083980000, 0x00000000d5580000)
  object space 58880K, 34% used [0x0000000080000000,0x00000000814101c8,0x0000000083980000)
 Metaspace       used 38565K, capacity 40160K, committed 40448K, reserved 1085440K
  class space    used 5450K, capacity 5768K, committed 5888K, reserved 1048576K

Card table byte_map: [0x0000000011840000,0x0000000011c50000] byte_map_base: 0x0000000011440000

Marking Bits: (ParMarkBitMap*) 0x00000000709ba6c0
 Begin Bits: [0x0000000012620000, 0x0000000014620000)
 End Bits:   [0x0000000014620000, 0x0000000016620000)

Polling page: 0x00000000001a0000

CodeCache: size=245760Kb used=11794Kb max_used=11821Kb free=233965Kb
 bounds [0x0000000002480000, 0x0000000003020000, 0x0000000011480000]
 total_blobs=4155 nmethods=3453 adapters=614
 compilation: enabled

Compilation events (10 events):
Event: 13.957 Thread 0x000000005872b800 3697       3       com.google.common.cache.LocalCache$Segment::setValue (82 bytes)
Event: 13.958 Thread 0x000000005872b800 nmethod 3697 0x0000000002fe8f90 code [0x0000000002fe9160, 0x0000000002fe9788]
Event: 13.958 Thread 0x000000005872b800 3698       3       com.google.common.cache.LocalCache$Segment::recordWrite (72 bytes)
Event: 13.958 Thread 0x000000005872b800 nmethod 3698 0x0000000002fe9ad0 code [0x0000000002fe9cc0, 0x0000000002fea648]
Event: 13.958 Thread 0x000000005872b800 3699       3       com.google.common.cache.LocalCache$Segment::evictEntries (106 bytes)
Event: 13.958 Thread 0x000000005872b800 nmethod 3699 0x0000000002fea9d0 code [0x0000000002feac20, 0x0000000002feb6d8]
Event: 13.963 Thread 0x000000005872b800 3700       3       java.lang.ClassLoader::findClass (9 bytes)
Event: 13.963 Thread 0x000000005872b800 nmethod 3700 0x0000000002febb90 code [0x0000000002febd00, 0x0000000002febee8]
Event: 13.980 Thread 0x000000005872b800 3701       3       com.google.common.collect.MapMakerInternalMap$WeakValueReferenceImpl::<init> (12 bytes)
Event: 13.980 Thread 0x000000005872b800 nmethod 3701 0x0000000002febf90 code [0x0000000002fec100, 0x0000000002fec430]

GC Heap History (10 events):
Event: 8.576 GC heap before
{Heap before GC invocations=7 (full 1):
 PSYoungGen      total 76288K, used 8514K [0x00000000d5580000, 0x00000000dab80000, 0x0000000100000000)
  eden space 66048K, 0% used [0x00000000d5580000,0x00000000d5580000,0x00000000d9600000)
  from space 10240K, 83% used [0x00000000da080000,0x00000000da8d0918,0x00000000daa80000)
  to   space 10752K, 0% used [0x00000000d9600000,0x00000000d9600000,0x00000000da080000)
 ParOldGen       total 87552K, used 6709K [0x0000000080000000, 0x0000000085580000, 0x00000000d5580000)
  object space 87552K, 7% used [0x0000000080000000,0x000000008068d618,0x0000000085580000)
 Metaspace       used 20565K, capacity 21248K, committed 21296K, reserved 1067008K
  class space    used 2957K, capacity 3174K, committed 3200K, reserved 1048576K
Event: 8.626 GC heap after
Heap after GC invocations=7 (full 1):
 PSYoungGen      total 76288K, used 0K [0x00000000d5580000, 0x00000000dab80000, 0x0000000100000000)
  eden space 66048K, 0% used [0x00000000d5580000,0x00000000d5580000,0x00000000d9600000)
  from space 10240K, 0% used [0x00000000da080000,0x00000000da080000,0x00000000daa80000)
  to   space 10752K, 0% used [0x00000000d9600000,0x00000000d9600000,0x00000000da080000)
 ParOldGen       total 48640K, used 9045K [0x0000000080000000, 0x0000000082f80000, 0x00000000d5580000)
  object space 48640K, 18% used [0x0000000080000000,0x00000000808d56e8,0x0000000082f80000)
 Metaspace       used 20565K, capacity 21248K, committed 21296K, reserved 1067008K
  class space    used 2957K, capacity 3174K, committed 3200K, reserved 1048576K
}
Event: 9.604 GC heap before
{Heap before GC invocations=8 (full 1):
 PSYoungGen      total 76288K, used 66048K [0x00000000d5580000, 0x00000000dab80000, 0x0000000100000000)
  eden space 66048K, 100% used [0x00000000d5580000,0x00000000d9600000,0x00000000d9600000)
  from space 10240K, 0% used [0x00000000da080000,0x00000000da080000,0x00000000daa80000)
  to   space 10752K, 0% used [0x00000000d9600000,0x00000000d9600000,0x00000000da080000)
 ParOldGen       total 48640K, used 9045K [0x0000000080000000, 0x0000000082f80000, 0x00000000d5580000)
  object space 48640K, 18% used [0x0000000080000000,0x00000000808d56e8,0x0000000082f80000)
 Metaspace       used 28826K, capacity 29652K, committed 29696K, reserved 1075200K
  class space    used 4098K, capacity 4325K, committed 4352K, reserved 1048576K
Event: 9.611 GC heap after
Heap after GC invocations=8 (full 1):
 PSYoungGen      total 76800K, used 8551K [0x00000000d5580000, 0x00000000de780000, 0x0000000100000000)
  eden space 66048K, 0% used [0x00000000d5580000,0x00000000d5580000,0x00000000d9600000)
  from space 10752K, 79% used [0x00000000d9600000,0x00000000d9e59e60,0x00000000da080000)
  to   space 11264K, 0% used [0x00000000ddc80000,0x00000000ddc80000,0x00000000de780000)
 ParOldGen       total 48640K, used 9053K [0x0000000080000000, 0x0000000082f80000, 0x00000000d5580000)
  object space 48640K, 18% used [0x0000000080000000,0x00000000808d76e8,0x0000000082f80000)
 Metaspace       used 28826K, capacity 29652K, committed 29696K, reserved 1075200K
  class space    used 4098K, capacity 4325K, committed 4352K, reserved 1048576K
}
Event: 11.145 GC heap before
{Heap before GC invocations=9 (full 1):
 PSYoungGen      total 76800K, used 74599K [0x00000000d5580000, 0x00000000de780000, 0x0000000100000000)
  eden space 66048K, 100% used [0x00000000d5580000,0x00000000d9600000,0x00000000d9600000)
  from space 10752K, 79% used [0x00000000d9600000,0x00000000d9e59e60,0x00000000da080000)
  to   space 11264K, 0% used [0x00000000ddc80000,0x00000000ddc80000,0x00000000de780000)
 ParOldGen       total 48640K, used 9053K [0x0000000080000000, 0x0000000082f80000, 0x00000000d5580000)
  object space 48640K, 18% used [0x0000000080000000,0x00000000808d76e8,0x0000000082f80000)
 Metaspace       used 33005K, capacity 34042K, committed 34304K, reserved 1079296K
  class space    used 4629K, capacity 4856K, committed 4864K, reserved 1048576K
Event: 11.262 GC heap after
Heap after GC invocations=9 (full 1):
 PSYoungGen      total 137728K, used 9301K [0x00000000d5580000, 0x00000000de880000, 0x0000000100000000)
  eden space 126464K, 0% used [0x00000000d5580000,0x00000000d5580000,0x00000000dd100000)
  from space 11264K, 82% used [0x00000000ddc80000,0x00000000de595598,0x00000000de780000)
  to   space 11776K, 0% used [0x00000000dd100000,0x00000000dd100000,0x00000000ddc80000)
 ParOldGen       total 48640K, used 9061K [0x0000000080000000, 0x0000000082f80000, 0x00000000d5580000)
  object space 48640K, 18% used [0x0000000080000000,0x00000000808d96e8,0x0000000082f80000)
 Metaspace       used 33005K, capacity 34042K, committed 34304K, reserved 1079296K
  class space    used 4629K, capacity 4856K, committed 4864K, reserved 1048576K
}
Event: 11.400 GC heap before
{Heap before GC invocations=10 (full 1):
 PSYoungGen      total 137728K, used 39676K [0x00000000d5580000, 0x00000000de880000, 0x0000000100000000)
  eden space 126464K, 24% used [0x00000000d5580000,0x00000000d7329cb0,0x00000000dd100000)
  from space 11264K, 82% used [0x00000000ddc80000,0x00000000de595598,0x00000000de780000)
  to   space 11776K, 0% used [0x00000000dd100000,0x00000000dd100000,0x00000000ddc80000)
 ParOldGen       total 48640K, used 9061K [0x0000000080000000, 0x0000000082f80000, 0x00000000d5580000)
  object space 48640K, 18% used [0x0000000080000000,0x00000000808d96e8,0x0000000082f80000)
 Metaspace       used 34342K, capacity 35444K, committed 35496K, reserved 1079296K
  class space    used 4848K, capacity 5101K, committed 5120K, reserved 1048576K
Event: 11.406 GC heap after
Heap after GC invocations=10 (full 1):
 PSYoungGen      total 138240K, used 7997K [0x00000000d5580000, 0x00000000de880000, 0x0000000100000000)
  eden space 126464K, 0% used [0x00000000d5580000,0x00000000d5580000,0x00000000dd100000)
  from space 11776K, 67% used [0x00000000dd100000,0x00000000dd8cf7f0,0x00000000ddc80000)
  to   space 11264K, 0% used [0x00000000ddc80000,0x00000000ddc80000,0x00000000de780000)
 ParOldGen       total 48640K, used 9069K [0x0000000080000000, 0x0000000082f80000, 0x00000000d5580000)
  object space 48640K, 18% used [0x0000000080000000,0x00000000808db6e8,0x0000000082f80000)
 Metaspace       used 34342K, capacity 35444K, committed 35496K, reserved 1079296K
  class space    used 4848K, capacity 5101K, committed 5120K, reserved 1048576K
}
Event: 11.406 GC heap before
{Heap before GC invocations=11 (full 2):
 PSYoungGen      total 138240K, used 7997K [0x00000000d5580000, 0x00000000de880000, 0x0000000100000000)
  eden space 126464K, 0% used [0x00000000d5580000,0x00000000d5580000,0x00000000dd100000)
  from space 11776K, 67% used [0x00000000dd100000,0x00000000dd8cf7f0,0x00000000ddc80000)
  to   space 11264K, 0% used [0x00000000ddc80000,0x00000000ddc80000,0x00000000de780000)
 ParOldGen       total 48640K, used 9069K [0x0000000080000000, 0x0000000082f80000, 0x00000000d5580000)
  object space 48640K, 18% used [0x0000000080000000,0x00000000808db6e8,0x0000000082f80000)
 Metaspace       used 34342K, capacity 35444K, committed 35496K, reserved 1079296K
  class space    used 4848K, capacity 5101K, committed 5120K, reserved 1048576K
Event: 11.443 GC heap after
Heap after GC invocations=11 (full 2):
 PSYoungGen      total 138240K, used 0K [0x00000000d5580000, 0x00000000de880000, 0x0000000100000000)
  eden space 126464K, 0% used [0x00000000d5580000,0x00000000d5580000,0x00000000dd100000)
  from space 11776K, 0% used [0x00000000dd100000,0x00000000dd100000,0x00000000ddc80000)
  to   space 11264K, 0% used [0x00000000ddc80000,0x00000000ddc80000,0x00000000de780000)
 ParOldGen       total 58880K, used 14463K [0x0000000080000000, 0x0000000083980000, 0x00000000d5580000)
  object space 58880K, 24% used [0x0000000080000000,0x0000000080e1fe48,0x0000000083980000)
 Metaspace       used 34342K, capacity 35444K, committed 35496K, reserved 1079296K
  class space    used 4848K, capacity 5101K, committed 5120K, reserved 1048576K
}

Deoptimization events (10 events):
Event: 13.395 Thread 0x0000000059ae8800 Uncommon trap: reason=unstable_if action=reinterpret pc=0x000000000283e7cc method=java.util.concurrent.SynchronousQueue$TransferStack.shouldSpin(Ljava/util/concurrent/SynchronousQueue$TransferStack$SNode;)Z @ 7
Event: 13.761 Thread 0x0000000058a46000 Uncommon trap: reason=unstable_if action=reinterpret pc=0x00000000027cb96c method=java.util.jar.JarFile.match([C[B[I[I)Z @ 29
Event: 13.795 Thread 0x0000000058a46000 Uncommon trap: reason=bimorphic action=maybe_recompile pc=0x0000000002d0d588 method=java.util.AbstractCollection.addAll(Ljava/util/Collection;)Z @ 29
Event: 13.839 Thread 0x0000000058a46000 Uncommon trap: reason=unstable_if action=reinterpret pc=0x0000000002dde780 method=java.util.regex.Pattern.has(I)Z @ 6
Event: 13.840 Thread 0x0000000058a46000 Uncommon trap: reason=bimorphic action=maybe_recompile pc=0x0000000002d0d588 method=java.util.AbstractCollection.addAll(Ljava/util/Collection;)Z @ 29
Event: 13.880 Thread 0x0000000058a46000 Uncommon trap: reason=predicate action=maybe_recompile pc=0x0000000002a76ab8 method=com.google.common.base.CharMatcher.indexIn(Ljava/lang/CharSequence;I)I @ 22
Event: 13.889 Thread 0x0000000058a46000 Uncommon trap: reason=bimorphic action=maybe_recompile pc=0x0000000002d9e42c method=java.lang.ClassLoader.getPackage(Ljava/lang/String;)Ljava/lang/Package; @ 47
Event: 13.889 Thread 0x0000000058a46000 Uncommon trap: reason=bimorphic action=maybe_recompile pc=0x0000000002d9e42c method=java.lang.ClassLoader.getPackage(Ljava/lang/String;)Ljava/lang/Package; @ 47
Event: 13.889 Thread 0x0000000058a46000 Uncommon trap: reason=bimorphic action=maybe_recompile pc=0x0000000002d9e42c method=java.lang.ClassLoader.getPackage(Ljava/lang/String;)Ljava/lang/Package; @ 47
Event: 13.889 Thread 0x0000000058a46000 Uncommon trap: reason=bimorphic action=maybe_recompile pc=0x0000000002d9e42c method=java.lang.ClassLoader.getPackage(Ljava/lang/String;)Ljava/lang/Package; @ 47

Internal exceptions (10 events):
Event: 13.847 Thread 0x0000000058abe000 Exception <a 'java/lang/NoSuchMethodError': <clinit>> (0x00000000d55ab040) thrown at [C:\re\workspace\8-2-build-windows-amd64-cygwin\jdk8u111\7883\hotspot\src\share\vm\prims\jni.cpp, line 1613]
Event: 13.848 Thread 0x0000000058abe000 Exception <a 'java/lang/NoSuchMethodError': <clinit>> (0x00000000d55b5640) thrown at [C:\re\workspace\8-2-build-windows-amd64-cygwin\jdk8u111\7883\hotspot\src\share\vm\prims\jni.cpp, line 1613]
Event: 13.848 Thread 0x0000000058abe000 Exception <a 'java/lang/NoSuchMethodError': <clinit>> (0x00000000d55c0a40) thrown at [C:\re\workspace\8-2-build-windows-amd64-cygwin\jdk8u111\7883\hotspot\src\share\vm\prims\jni.cpp, line 1613]
Event: 13.849 Thread 0x0000000058abe000 Exception <a 'java/lang/NoSuchMethodError': <clinit>> (0x00000000d55d3fa8) thrown at [C:\re\workspace\8-2-build-windows-amd64-cygwin\jdk8u111\7883\hotspot\src\share\vm\prims\jni.cpp, line 1613]
Event: 13.874 Thread 0x0000000058a46000 Exception <a 'java/lang/ClassNotFoundException': build_f1l8dwywebpnr28vsz0nfm69uBeanInfo> (0x00000000db497660) thrown at [C:\re\workspace\8-2-build-windows-amd64-cygwin\jdk8u111\7883\hotspot\src\share\vm\classfile\systemDictionary.cpp, line 210]
Event: 13.874 Thread 0x0000000058a46000 Exception <a 'java/lang/ClassNotFoundException': build_f1l8dwywebpnr28vsz0nfm69uCustomizer> (0x00000000db4a32a0) thrown at [C:\re\workspace\8-2-build-windows-amd64-cygwin\jdk8u111\7883\hotspot\src\share\vm\classfile\systemDictionary.cpp, line 210]
Event: 13.879 Thread 0x0000000058a46000 Exception <a 'java/lang/ClassNotFoundException': org/gradle/plugin/use/internal/PluginRequestCollector$PluginDependenciesSpecImplBeanInfo> (0x00000000db542990) thrown at [C:\re\workspace\8-2-build-windows-amd64-cygwin\jdk8u111\7883\hotspot\src\share\vm\cl
Event: 13.880 Thread 0x0000000058a46000 Exception <a 'java/lang/ClassNotFoundException': org/gradle/plugin/use/internal/PluginRequestCollector$PluginDependenciesSpecImplCustomizer> (0x00000000db5828d0) thrown at [C:\re\workspace\8-2-build-windows-amd64-cygwin\jdk8u111\7883\hotspot\src\share\vm\
Event: 13.901 Thread 0x0000000058a46000 Exception <a 'java/lang/ClassNotFoundException': org/gradle/api/internal/plugins/DefaultObjectConfigurationActionBeanInfo> (0x00000000db89f400) thrown at [C:\re\workspace\8-2-build-windows-amd64-cygwin\jdk8u111\7883\hotspot\src\share\vm\classfile\systemDi
Event: 13.901 Thread 0x0000000058a46000 Exception <a 'java/lang/ClassNotFoundException': org/gradle/api/internal/plugins/DefaultObjectConfigurationActionCustomizer> (0x00000000db8e3760) thrown at [C:\re\workspace\8-2-build-windows-amd64-cygwin\jdk8u111\7883\hotspot\src\share\vm\classfile\system

Events (10 events):
Event: 13.982 loading class com/android/build/gradle/internal/dsl/BuildType
Event: 13.982 loading class com/android/build/gradle/internal/dsl/BuildType done
Event: 13.983 loading class com/android/build/gradle/internal/dsl/CoreBuildType
Event: 13.983 loading class com/android/build/gradle/internal/dsl/CoreBuildType done
Event: 13.983 loading class com/android/builder/model/BuildType
Event: 13.983 loading class com/android/builder/model/BuildType done
Event: 13.983 loading class com/android/build/api/dsl/ApplicationBuildType
Event: 13.983 loading class com/android/build/api/dsl/ApplicationBuildType done
Event: 13.983 loading class com/android/build/api/dsl/BuildType
Event: 13.983 loading class com/android/build/api/dsl/BuildType done


Dynamic libraries:
0x000000013f540000 - 0x000000013f577000 	C:\Program Files\Java\jdk1.8.0_111\bin\java.exe
0x0000000077a70000 - 0x0000000077c1a000 	C:\Windows\SYSTEM32\ntdll.dll
0x0000000077950000 - 0x0000000077a6f000 	C:\Windows\system32\kernel32.dll
0x000007fefd780000 - 0x000007fefd7ea000 	C:\Windows\system32\KERNELBASE.dll
0x000007feff090000 - 0x000007feff16b000 	C:\Windows\system32\ADVAPI32.dll
0x000007fefdb20000 - 0x000007fefdbbf000 	C:\Windows\system32\msvcrt.dll
0x000007feff4c0000 - 0x000007feff4df000 	C:\Windows\SYSTEM32\sechost.dll
0x000007fefe190000 - 0x000007fefe2bd000 	C:\Windows\system32\RPCRT4.dll
0x0000000077850000 - 0x000000007794a000 	C:\Windows\system32\USER32.dll
0x000007feffbf0000 - 0x000007feffc57000 	C:\Windows\system32\GDI32.dll
0x000007feffaf0000 - 0x000007feffafe000 	C:\Windows\system32\LPK.dll
0x000007feffb00000 - 0x000007feffbcb000 	C:\Windows\system32\USP10.dll
0x000007fefc010000 - 0x000007fefc204000 	C:\Windows\WinSxS\amd64_microsoft.windows.common-controls_6595b64144ccf1df_6.0.7601.18837_none_fa3b1e3d17594757\COMCTL32.dll
0x000007feff440000 - 0x000007feff4b1000 	C:\Windows\system32\SHLWAPI.dll
0x000007feff060000 - 0x000007feff08e000 	C:\Windows\system32\IMM32.DLL
0x000007feff9e0000 - 0x000007feffae9000 	C:\Windows\system32\MSCTF.dll
0x0000000060160000 - 0x0000000060232000 	C:\Program Files\Java\jdk1.8.0_111\jre\bin\msvcr100.dll
0x00000000701a0000 - 0x0000000070a3a000 	C:\Program Files\Java\jdk1.8.0_111\jre\bin\server\jvm.dll
0x000007fef4660000 - 0x000007fef4669000 	C:\Windows\system32\WSOCK32.dll
0x000007feff990000 - 0x000007feff9dd000 	C:\Windows\system32\WS2_32.dll
0x000007fefe2c0000 - 0x000007fefe2c8000 	C:\Windows\system32\NSI.dll
0x000007fefbd90000 - 0x000007fefbdcb000 	C:\Windows\system32\WINMM.dll
0x000007fefc650000 - 0x000007fefc65c000 	C:\Windows\system32\VERSION.dll
0x0000000077c30000 - 0x0000000077c37000 	C:\Windows\system32\PSAPI.DLL
0x0000000061340000 - 0x000000006134f000 	C:\Program Files\Java\jdk1.8.0_111\jre\bin\verify.dll
0x00000000612e0000 - 0x0000000061309000 	C:\Program Files\Java\jdk1.8.0_111\jre\bin\java.dll
0x00000000612c0000 - 0x00000000612d6000 	C:\Program Files\Java\jdk1.8.0_111\jre\bin\zip.dll
0x000007fefe2d0000 - 0x000007feff05b000 	C:\Windows\system32\SHELL32.dll
0x000007fefdf90000 - 0x000007fefe18c000 	C:\Windows\system32\ole32.dll
0x000007fefd760000 - 0x000007fefd76f000 	C:\Windows\system32\profapi.dll
0x00000000612a0000 - 0x00000000612ba000 	C:\Program Files\Java\jdk1.8.0_111\jre\bin\net.dll
0x000007fefcef0000 - 0x000007fefcf45000 	C:\Windows\system32\mswsock.dll
0x000007fefcee0000 - 0x000007fefcee7000 	C:\Windows\System32\wship6.dll
0x0000000061280000 - 0x0000000061291000 	C:\Program Files\Java\jdk1.8.0_111\jre\bin\nio.dll
0x000007fedfe20000 - 0x000007fedfe47000 	C:\Users\Maskevich\.gradle\native\f6784746aeab05261644944871eae4fe03e0ef1612fff0a4a95f87b438bc6780\windows-amd64\native-platform.dll
0x000007fef93a0000 - 0x000007fef93a3000 	C:\Windows\system32\api-ms-win-core-synch-l1-2-0.DLL
0x0000000061350000 - 0x000000006135d000 	C:\Program Files\Java\jdk1.8.0_111\jre\bin\management.dll
0x000007fefcf50000 - 0x000007fefcf68000 	C:\Windows\system32\CRYPTSP.dll
0x000007fefcc50000 - 0x000007fefcc97000 	C:\Windows\system32\rsaenh.dll
0x000007fefd800000 - 0x000007fefd81e000 	C:\Windows\system32\USERENV.dll
0x000007fefd5c0000 - 0x000007fefd5cf000 	C:\Windows\system32\CRYPTBASE.dll
0x000007fefa8a0000 - 0x000007fefa8c7000 	C:\Windows\system32\IPHLPAPI.DLL
0x000007fefa820000 - 0x000007fefa82b000 	C:\Windows\system32\WINNSI.DLL
0x000007fefa660000 - 0x000007fefa671000 	C:\Windows\system32\dhcpcsvc6.DLL
0x000007fefa600000 - 0x000007fefa618000 	C:\Windows\system32\dhcpcsvc.DLL

VM Arguments:
jvm_args: -Xmx2048m -Dfile.encoding=UTF-8 -Duser.country=RU -Duser.language=ru -Duser.variant 
java_command: org.gradle.launcher.daemon.bootstrap.GradleDaemon 6.5
java_class_path (initial): C:\Users\Maskevich\.gradle\wrapper\dists\gradle-6.5-bin\6nifqtx7604sqp1q6g8wikw7p\gradle-6.5\lib\gradle-launcher-6.5.jar
Launcher Type: SUN_STANDARD

Environment Variables:
JAVA_HOME=C:\Program Files\Java\jdk1.8.0_111;D:\Install\JavaInstall\wildfly-19.0.0.Beta2\bin;D:\Install\JavaInstall\apache-maven-3.6.3\bin
PATH=C:\Program Files (x86)\Common Files\Oracle\Java\javapath;C:\ProgramData\Oracle\Java\javapath;C:\Windows\system32;C:\Windows;C:\Windows\System32\Wbem;C:\Windows\System32\WindowsPowerShell\v1.0\;C:\Program Files (x86)\NVIDIA Corporation\PhysX\Common;C:\Program Files\Java\jdk1.8.0_111\bin;C:\Program Files\Common Files\Autodesk Shared;C:\Program Files\Java\jdk1.8.0_111;D:\Install\JavaInstall\wildfly-19.0.0.Beta2\bin;D:\Install\JavaInstall\apache-maven-3.6.3\bin\bin; D:\Install\JavaInstall\wildfly-19.0.0.Beta2\bin;D:\Install\JavaInstall\javamvn\sources\wildfly-19.0.0.Beta2\bin;D:\Install\JavaInstall\apache-maven-3.6.3\bin;C:\Program Files\Git\cmd;C:\Program Files\MySQL\MySQL Shell 8.0\bin\;C:\Program Files\JetBrains\WebStorm 2020.1\bin;
USERNAME=Maskevich
OS=Windows_NT
PROCESSOR_IDENTIFIER=Intel64 Family 6 Model 60 Stepping 3, GenuineIntel



---------------  S Y S T E M  ---------------

OS: Windows 7 , 64 bit Build 7601 (6.1.7601.23807)

CPU:total 4 (4 cores per cpu, 1 threads per core) family 6 model 60 stepping 3, cmov, cx8, fxsr, mmx, sse, sse2, sse3, ssse3, sse4.1, sse4.2, popcnt, avx, avx2, aes, clmul, erms, lzcnt, tsc, tscinvbit, bmi1, bmi2

Memory: 4k page, physical 8322960k(708588k free), swap 11366204k(5136k free)

vm_info: Java HotSpot(TM) 64-Bit Server VM (25.111-b14) for windows-amd64 JRE (1.8.0_111-b14), built on Sep 22 2016 19:24:05 by "java_re" with MS VC++ 10.0 (VS2010)

time: Mon Dec 28 13:55:26 2020
elapsed time: 14 seconds (0d 0h 0m 14s)

